#
# A fatal error has been detected by the Java Runtime Environment:
#
#  EXCEPTION_ACCESS_VIOLATION (0xc0000005) at pc=0x000000006d5dd977, pid=204, tid=0x0000000000000170
#
# JRE version: Java(TM) SE Runtime Environment (8.0_221-b11) (build 1.8.0_221-b11)
# Java VM: Java HotSpot(TM) 64-Bit Server VM (25.221-b11 mixed mode windows-amd64 compressed oops)
# Problematic frame:
# C  [sqlite-3.8.11.2-3dca6df3-a8a4-4a0e-8fb7-57fb438b4f37-sqlitejdbc.dll+0x5d977]
#
# Failed to write core dump. Minidumps are not enabled by default on client versions of Windows
#
# If you would like to submit a bug report, please visit:
#   http://bugreport.java.com/bugreport/crash.jsp
# The crash happened outside the Java Virtual Machine in native code.
# See problematic frame for where to report the bug.
#

---------------  T H R E A D  ---------------

Current thread (0x00000000170e7000):  JavaThread "Timer-0" [_thread_in_native, id=368, stack(0x000000001a110000,0x000000001a210000)]

siginfo: ExceptionCode=0xc0000005, reading address 0x0000000000000018

Registers:
RAX=0x0000000000000000, RBX=0x000000001a0221f8, RCX=0x000000001a0221f8, RDX=0x000000001a20ee48
RSP=0x000000001a20ed40, RBP=0x000000001a20ee18, RSI=0x0000000000000000, RDI=0x0000000000000b32
R8 =0x000000001a0221f8, R9 =0x0000000000000000, R10=0x00000000024097af, R11=0x000000006896ce30
R12=0x0000000000000000, R13=0x00000000186e6590, R14=0x000000001a20ee48, R15=0x00000000170e7000
RIP=0x000000006d5dd977, EFLAGS=0x0000000000010202

Top of Stack: (sp=0x000000001a20ed40)
0x000000001a20ed40:   0000000016e599d8 00000000170e7000
0x000000001a20ed50:   0000000000000084 00000000000000b6
0x000000001a20ed60:   00000000170a44d0 00000000687f7e81
0x000000001a20ed70:   000000001a20f478 00000000186e6590
0x000000001a20ed80:   0000000000000084 00000000024097db
0x000000001a20ed90:   0000000000000b32 0000000002409550
0x000000001a20eda0:   00000000170e7000 00000000186e6590
0x000000001a20edb0:   00000000000000b6 00000000170e7000
0x000000001a20edc0:   000000000240950a 0000000000000003
0x000000001a20edd0:   00000000ec0f4c08 000000001a20edc8
0x000000001a20ede0:   00000000186e6590 000000001a20ee48
0x000000001a20edf0:   00000000187272a0 0000000000000000
0x000000001a20ee00:   00000000186e6590 0000000000000000
0x000000001a20ee10:   000000001a20ee38 000000001a20ee90
0x000000001a20ee20:   00000000023f7da0 0000000000000000
0x000000001a20ee30:   00000000024021d6 000000001a0221f8 

Instructions: (pc=0x000000006d5dd977)
0x000000006d5dd957:   5f c3 0f 1f 80 00 00 00 00 56 53 48 83 ec 38 31
0x000000006d5dd967:   c0 48 85 c9 48 89 cb 0f 84 aa 00 00 00 48 8b 31
0x000000006d5dd977:   48 8b 4e 18 48 85 c9 74 06 ff 15 62 a9 03 00 48
0x000000006d5dd987:   83 bb b8 00 00 00 00 7e 16 48 8d 93 b8 00 00 00 


Register to memory mapping:

RAX=0x0000000000000000 is an unknown value
RBX=0x000000001a0221f8 is an unknown value
RCX=0x000000001a0221f8 is an unknown value
RDX=0x000000001a20ee48 is pointing into the stack for thread: 0x00000000170e7000
RSP=0x000000001a20ed40 is pointing into the stack for thread: 0x00000000170e7000
RBP=0x000000001a20ee18 is pointing into the stack for thread: 0x00000000170e7000
RSI=0x0000000000000000 is an unknown value
RDI=0x0000000000000b32 is an unknown value
R8 =0x000000001a0221f8 is an unknown value
R9 =0x0000000000000000 is an unknown value
R10=0x00000000024097af is at code_begin+1295 in an Interpreter codelet
method entry point (kind = native_synchronized)  [0x00000000024092a0, 0x0000000002409e00]  2912 bytes
R11=0x000000006896ce30 is an unknown value
R12=0x0000000000000000 is an unknown value
R13={method} {0x00000000186e6598} 'reset' '(J)I' in 'org/sqlite/core/NativeDB'
R14=0x000000001a20ee48 is pointing into the stack for thread: 0x00000000170e7000
R15=0x00000000170e7000 is a thread


Stack: [0x000000001a110000,0x000000001a210000],  sp=0x000000001a20ed40,  free space=1019k
Native frames: (J=compiled Java code, j=interpreted, Vv=VM code, C=native code)
C  [sqlite-3.8.11.2-3dca6df3-a8a4-4a0e-8fb7-57fb438b4f37-sqlitejdbc.dll+0x5d977]
C  0x00000000024097db

Java frames: (J=compiled Java code, j=interpreted, Vv=VM code)
j  org.sqlite.core.NativeDB.reset(J)I+0
j  org.sqlite.core.CoreResultSet.close()V+81
j  org.sqlite.core.CoreStatement.internalClose()V+34
j  org.sqlite.jdbc3.JDBC3Statement.close()V+33
j  privite.school.school.count1(Ljava/lang/String;)I+95
j  privite.school.school.count_days(Ljava/lang/String;Ljavax/swing/JTable;)V+32
j  privite.school.school$1.run()V+13
j  java.util.TimerThread.mainLoop()V+221
j  java.util.TimerThread.run()V+1
v  ~StubRoutines::call_stub

---------------  P R O C E S S  ---------------

Java Threads: ( => current thread )
=>0x00000000170e7000 JavaThread "Timer-0" [_thread_in_native, id=368, stack(0x000000001a110000,0x000000001a210000)]
  0x0000000016e19000 JavaThread "Image Fetcher 0" daemon [_thread_blocked, id=3384, stack(0x0000000018460000,0x0000000018560000)]
  0x0000000016dca800 JavaThread "TimerQueue" daemon [_thread_blocked, id=3220, stack(0x0000000018360000,0x0000000018460000)]
  0x000000000098d800 JavaThread "DestroyJavaVM" [_thread_blocked, id=3396, stack(0x0000000002160000,0x0000000002260000)]
  0x0000000016d2d800 JavaThread "AWT-EventQueue-0" [_thread_blocked, id=1564, stack(0x0000000017e60000,0x0000000017f60000)]
  0x000000001666f000 JavaThread "AWT-Windows" daemon [_thread_in_native, id=2672, stack(0x0000000017790000,0x0000000017890000)]
  0x000000001666c800 JavaThread "AWT-Shutdown" [_thread_blocked, id=1748, stack(0x0000000017690000,0x0000000017790000)]
  0x0000000016587000 JavaThread "Java2D Disposer" daemon [_thread_blocked, id=4080, stack(0x0000000017590000,0x0000000017690000)]
  0x0000000014a0d800 JavaThread "Service Thread" daemon [_thread_blocked, id=1992, stack(0x0000000016790000,0x0000000016890000)]
  0x00000000149c0000 JavaThread "C1 CompilerThread2" daemon [_thread_blocked, id=2708, stack(0x0000000016290000,0x0000000016390000)]
  0x00000000149ba000 JavaThread "C2 CompilerThread1" daemon [_thread_blocked, id=1960, stack(0x0000000016190000,0x0000000016290000)]
  0x00000000149b6000 JavaThread "C2 CompilerThread0" daemon [_thread_blocked, id=3472, stack(0x0000000016090000,0x0000000016190000)]
  0x0000000014a06800 JavaThread "Attach Listener" daemon [_thread_blocked, id=1168, stack(0x0000000015f90000,0x0000000016090000)]
  0x00000000149a9000 JavaThread "Signal Dispatcher" daemon [_thread_blocked, id=1772, stack(0x0000000015e90000,0x0000000015f90000)]
  0x0000000014999800 JavaThread "Finalizer" daemon [_thread_blocked, id=3812, stack(0x0000000015c20000,0x0000000015d20000)]
  0x00000000023e1000 JavaThread "Reference Handler" daemon [_thread_blocked, id=2236, stack(0x0000000015b20000,0x0000000015c20000)]

Other Threads:
  0x0000000014977800 VMThread [stack: 0x0000000015a20000,0x0000000015b20000] [id=744]
  0x0000000016442000 WatcherThread [stack: 0x0000000016890000,0x0000000016990000] [id=2776]

VM state:not at safepoint (normal execution)

VM Mutex/Monitor currently owned by a thread: None

heap address: 0x00000000c1e00000, size: 994 MB, Compressed Oops mode: 32-bit
Narrow klass base: 0x0000000000000000, Narrow klass shift: 3
Compressed class space size: 1073741824 Address: 0x0000000100000000

Heap:
 PSYoungGen      total 18944K, used 15364K [0x00000000eb500000, 0x00000000eda00000, 0x0000000100000000)
  eden space 16384K, 78% used [0x00000000eb500000,0x00000000ec185728,0x00000000ec500000)
  from space 2560K, 99% used [0x00000000ec500000,0x00000000ec77ba80,0x00000000ec780000)
  to   space 2560K, 0% used [0x00000000ed780000,0x00000000ed780000,0x00000000eda00000)
 ParOldGen       total 44032K, used 2268K [0x00000000c1e00000, 0x00000000c4900000, 0x00000000eb500000)
  object space 44032K, 5% used [0x00000000c1e00000,0x00000000c2037328,0x00000000c4900000)
 Metaspace       used 17147K, capacity 17411K, committed 17792K, reserved 1064960K
  class space    used 2196K, capacity 2306K, committed 2432K, reserved 1048576K

Card table byte_map: [0x00000000117b0000,0x00000000119b0000] byte_map_base: 0x00000000111a1000

Marking Bits: (ParMarkBitMap*) 0x0000000068f65ce0
 Begin Bits: [0x0000000011f00000, 0x0000000012e88000)
 End Bits:   [0x0000000012e88000, 0x0000000013e10000)

Polling page: 0x0000000000970000

CodeCache: size=245760Kb used=6590Kb max_used=6590Kb free=239169Kb
 bounds [0x00000000023f0000, 0x0000000002a70000, 0x00000000113f0000]
 total_blobs=2597 nmethods=2072 adapters=437
 compilation: enabled

Compilation events (10 events):
Event: 2.378 Thread 0x00000000149c0000 2055       3       java.util.HashMap::removeNode (291 bytes)
Event: 2.380 Thread 0x00000000149c0000 nmethod 2055 0x0000000002a61150 code [0x0000000002a613a0, 0x0000000002a625d8]
Event: 2.380 Thread 0x00000000149c0000 2069       3       javax.swing.table.DefaultTableCellRenderer::firePropertyChange (1 bytes)
Event: 2.380 Thread 0x00000000149c0000 nmethod 2069 0x0000000002a5d390 code [0x0000000002a5d4e0, 0x0000000002a5d630]
Event: 2.380 Thread 0x00000000149c0000 2070       3       sun.swing.DefaultLookup::getBorder (8 bytes)
Event: 2.380 Thread 0x00000000149c0000 nmethod 2070 0x0000000002a60a50 code [0x0000000002a60be0, 0x0000000002a61048]
Event: 2.380 Thread 0x00000000149c0000 2072       3       javax.swing.UIDefaults::put (38 bytes)
Event: 2.381 Thread 0x00000000149c0000 nmethod 2072 0x0000000002a63d90 code [0x0000000002a63f40, 0x0000000002a64588]
Event: 2.381 Thread 0x00000000149c0000 2071       3       sun.swing.DefaultLookup::getBorder (29 bytes)
Event: 2.381 Thread 0x00000000149c0000 nmethod 2071 0x0000000002a60410 code [0x0000000002a60580, 0x0000000002a60988]

GC Heap History (2 events):
Event: 0.820 GC heap before
{Heap before GC invocations=1 (full 0):
 PSYoungGen      total 18944K, used 16384K [0x00000000eb500000, 0x00000000eca00000, 0x0000000100000000)
  eden space 16384K, 100% used [0x00000000eb500000,0x00000000ec500000,0x00000000ec500000)
  from space 2560K, 0% used [0x00000000ec780000,0x00000000ec780000,0x00000000eca00000)
  to   space 2560K, 0% used [0x00000000ec500000,0x00000000ec500000,0x00000000ec780000)
 ParOldGen       total 44032K, used 0K [0x00000000c1e00000, 0x00000000c4900000, 0x00000000eb500000)
  object space 44032K, 0% used [0x00000000c1e00000,0x00000000c1e00000,0x00000000c4900000)
 Metaspace       used 13500K, capacity 13751K, committed 13824K, reserved 1060864K
  class space    used 1719K, capacity 1792K, committed 1792K, reserved 1048576K
Event: 0.832 GC heap after
Heap after GC invocations=1 (full 0):
 PSYoungGen      total 18944K, used 2542K [0x00000000eb500000, 0x00000000eda00000, 0x0000000100000000)
  eden space 16384K, 0% used [0x00000000eb500000,0x00000000eb500000,0x00000000ec500000)
  from space 2560K, 99% used [0x00000000ec500000,0x00000000ec77ba80,0x00000000ec780000)
  to   space 2560K, 0% used [0x00000000ed780000,0x00000000ed780000,0x00000000eda00000)
 ParOldGen       total 44032K, used 2268K [0x00000000c1e00000, 0x00000000c4900000, 0x00000000eb500000)
  object space 44032K, 5% used [0x00000000c1e00000,0x00000000c2037328,0x00000000c4900000)
 Metaspace       used 13500K, capacity 13751K, committed 13824K, reserved 1060864K
  class space    used 1719K, capacity 1792K, committed 1792K, reserved 1048576K
}

Deoptimization events (10 events):
Event: 2.130 Thread 0x0000000016d2d800 Uncommon trap: reason=unstable_if action=reinterpret pc=0x000000000284080c method=java.util.ArrayList.indexOf(Ljava/lang/Object;)I @ 41
Event: 2.168 Thread 0x0000000016d2d800 Uncommon trap: reason=unstable_if action=reinterpret pc=0x00000000027a31fc method=java.lang.String.indexOf([CII[CIII)I @ 3
Event: 2.170 Thread 0x0000000016d2d800 Uncommon trap: reason=bimorphic action=maybe_recompile pc=0x00000000025fc4c8 method=java.util.HashMap.getNode(ILjava/lang/Object;)Ljava/util/HashMap$Node; @ 126
Event: 2.170 Thread 0x0000000016d2d800 Uncommon trap: reason=bimorphic action=maybe_recompile pc=0x00000000025fc4c8 method=java.util.HashMap.getNode(ILjava/lang/Object;)Ljava/util/HashMap$Node; @ 126
Event: 2.170 Thread 0x0000000016d2d800 Uncommon trap: reason=bimorphic action=maybe_recompile pc=0x00000000025fc4c8 method=java.util.HashMap.getNode(ILjava/lang/Object;)Ljava/util/HashMap$Node; @ 126
Event: 2.170 Thread 0x0000000016d2d800 Uncommon trap: reason=bimorphic action=maybe_recompile pc=0x00000000025fc4c8 method=java.util.HashMap.getNode(ILjava/lang/Object;)Ljava/util/HashMap$Node; @ 126
Event: 2.171 Thread 0x0000000016d2d800 Uncommon trap: reason=class_check action=maybe_recompile pc=0x00000000027a2558 method=java.util.HashMap.putVal(ILjava/lang/Object;Ljava/lang/Object;ZZ)Ljava/lang/Object; @ 253
Event: 2.171 Thread 0x0000000016d2d800 Uncommon trap: reason=class_check action=maybe_recompile pc=0x00000000027a2558 method=java.util.HashMap.putVal(ILjava/lang/Object;Ljava/lang/Object;ZZ)Ljava/lang/Object; @ 253
Event: 2.171 Thread 0x0000000016d2d800 Uncommon trap: reason=class_check action=maybe_recompile pc=0x0000000002794518 method=java.util.HashMap.putVal(ILjava/lang/Object;Ljava/lang/Object;ZZ)Ljava/lang/Object; @ 253
Event: 2.314 Thread 0x0000000016d2d800 Uncommon trap: reason=unstable_if action=reinterpret pc=0x0000000002a574c4 method=org.sqlite.SQLiteJDBCLoader.contentsEquals(Ljava/io/InputStream;Ljava/io/InputStream;)Z @ 39

Classes redefined (0 events):
No events

Internal exceptions (10 events):
Event: 0.035 Thread 0x000000000098d800 Exception <a 'java/lang/NoSuchMethodError': Method sun.misc.Unsafe.defineClass(Ljava/lang/String;[BII)Ljava/lang/Class; name or signature does not match> (0x00000000eb507cb8) thrown at [C:\re\workspace\8-2-build-windows-amd64-cygwin\jdk8u221\13320\hotspot
Event: 0.035 Thread 0x000000000098d800 Exception <a 'java/lang/NoSuchMethodError': Method sun.misc.Unsafe.prefetchRead(Ljava/lang/Object;J)V name or signature does not match> (0x00000000eb507fa0) thrown at [C:\re\workspace\8-2-build-windows-amd64-cygwin\jdk8u221\13320\hotspot\src\share\vm\prim
Event: 0.175 Thread 0x000000000098d800 Exception <a 'java/security/PrivilegedActionException'> (0x00000000eb6ea350) thrown at [C:\re\workspace\8-2-build-windows-amd64-cygwin\jdk8u221\13320\hotspot\src\share\vm\prims\jvm.cpp, line 1502]
Event: 0.176 Thread 0x000000000098d800 Exception <a 'java/security/PrivilegedActionException'> (0x00000000eb6ea560) thrown at [C:\re\workspace\8-2-build-windows-amd64-cygwin\jdk8u221\13320\hotspot\src\share\vm\prims\jvm.cpp, line 1502]
Event: 0.176 Thread 0x000000000098d800 Exception <a 'java/security/PrivilegedActionException'> (0x00000000eb6ee470) thrown at [C:\re\workspace\8-2-build-windows-amd64-cygwin\jdk8u221\13320\hotspot\src\share\vm\prims\jvm.cpp, line 1502]
Event: 0.176 Thread 0x000000000098d800 Exception <a 'java/security/PrivilegedActionException'> (0x00000000eb6ee680) thrown at [C:\re\workspace\8-2-build-windows-amd64-cygwin\jdk8u221\13320\hotspot\src\share\vm\prims\jvm.cpp, line 1502]
Event: 0.179 Thread 0x000000000098d800 Exception <a 'java/io/FileNotFoundException'> (0x00000000eb6f07b0) thrown at [C:\re\workspace\8-2-build-windows-amd64-cygwin\jdk8u221\13320\hotspot\src\share\vm\prims\jni.cpp, line 710]
Event: 0.215 Thread 0x000000000098d800 Exception <a 'java/lang/NoSuchFieldError': method resolution failed> (0x00000000eb7c1050) thrown at [C:\re\workspace\8-2-build-windows-amd64-cygwin\jdk8u221\13320\hotspot\src\share\vm\prims\methodHandles.cpp, line 1167]
Event: 0.217 Thread 0x000000000098d800 Exception <a 'java/lang/NoSuchFieldError': method resolution failed> (0x00000000eb7ce3c0) thrown at [C:\re\workspace\8-2-build-windows-amd64-cygwin\jdk8u221\13320\hotspot\src\share\vm\prims\methodHandles.cpp, line 1167]
Event: 0.283 Thread 0x000000000098d800 Exception <a 'java/io/FileNotFoundException'> (0x00000000eb9056e8) thrown at [C:\re\workspace\8-2-build-windows-amd64-cygwin\jdk8u221\13320\hotspot\src\share\vm\prims\jni.cpp, line 710]

Events (10 events):
Event: 2.378 loading class privite/school/school$2 done
Event: 2.380 loading class java/util/Timer
Event: 2.380 loading class java/util/Timer done
Event: 2.381 loading class java/util/TaskQueue
Event: 2.381 loading class java/util/TaskQueue done
Event: 2.381 loading class java/util/TimerThread
Event: 2.381 loading class java/util/TimerThread done
Event: 2.381 loading class java/util/Timer$1
Event: 2.381 loading class java/util/Timer$1 done
Event: 2.381 Thread 0x00000000170e7000 Thread added: 0x00000000170e7000


Dynamic libraries:
0x00007ff644070000 - 0x00007ff6440a7000 	C:\Program Files\Java\jdk1.8.0_221\bin\java.exe
0x00007ffffaf50000 - 0x00007ffffb0fa000 	C:\Windows\SYSTEM32\ntdll.dll
0x00007ffff89c0000 - 0x00007ffff8afa000 	C:\Windows\system32\KERNEL32.DLL
0x00007ffff84e0000 - 0x00007ffff85f0000 	C:\Windows\system32\KERNELBASE.dll
0x00007ffff6f00000 - 0x00007ffff6f88000 	C:\Windows\system32\apphelp.dll
0x00007fffe8920000 - 0x00007fffe896f000 	C:\Windows\AppPatch\AppPatch64\AcGenral.DLL
0x00007ffff94e0000 - 0x00007ffff9587000 	C:\Windows\system32\msvcrt.dll
0x00007ffff8160000 - 0x00007ffff818b000 	C:\Windows\SYSTEM32\SspiCli.dll
0x00007ffffad90000 - 0x00007ffffade1000 	C:\Windows\system32\SHLWAPI.dll
0x00007ffff95f0000 - 0x00007ffff9761000 	C:\Windows\system32\USER32.dll
0x00007ffff9770000 - 0x00007ffff98e8000 	C:\Windows\system32\ole32.dll
0x00007ffff98f0000 - 0x00007ffffad07000 	C:\Windows\system32\SHELL32.dll
0x00007ffff7950000 - 0x00007ffff796f000 	C:\Windows\SYSTEM32\USERENV.dll
0x00007ffff8de0000 - 0x00007ffff8e85000 	C:\Windows\system32\ADVAPI32.dll
0x00007ffff0f10000 - 0x00007ffff0f2b000 	C:\Windows\SYSTEM32\MPR.dll
0x00007ffff9110000 - 0x00007ffff9246000 	C:\Windows\system32\RPCRT4.dll
0x00007ffff8f90000 - 0x00007ffff8fe7000 	C:\Windows\SYSTEM32\sechost.dll
0x00007ffff9250000 - 0x00007ffff9426000 	C:\Windows\SYSTEM32\combase.dll
0x00007ffffae00000 - 0x00007ffffaf45000 	C:\Windows\system32\GDI32.dll
0x00007ffff82c0000 - 0x00007ffff82d4000 	C:\Windows\SYSTEM32\profapi.dll
0x00007ffff6920000 - 0x00007ffff69bf000 	C:\Windows\SYSTEM32\SHCORE.dll
0x00007ffff8f50000 - 0x00007ffff8f84000 	C:\Windows\system32\IMM32.DLL
0x00007ffff8ca0000 - 0x00007ffff8dd9000 	C:\Windows\system32\MSCTF.dll
0x00007ffff54f0000 - 0x00007ffff574a000 	C:\Windows\WinSxS\amd64_microsoft.windows.common-controls_6595b64144ccf1df_6.0.9600.17031_none_6242a4b3ecbb55a1\COMCTL32.dll
0x0000000068660000 - 0x0000000068732000 	C:\Program Files\Java\jdk1.8.0_221\jre\bin\msvcr100.dll
0x0000000068740000 - 0x0000000068fe5000 	C:\Program Files\Java\jdk1.8.0_221\jre\bin\server\jvm.dll
0x00007ffff4b00000 - 0x00007ffff4b09000 	C:\Windows\SYSTEM32\WSOCK32.dll
0x00007ffff0ed0000 - 0x00007ffff0eef000 	C:\Windows\SYSTEM32\WINMM.dll
0x00007ffff1e40000 - 0x00007ffff1e4a000 	C:\Windows\SYSTEM32\VERSION.dll
0x00007ffff89b0000 - 0x00007ffff89b7000 	C:\Windows\system32\PSAPI.DLL
0x00007ffff90a0000 - 0x00007ffff90f8000 	C:\Windows\system32\WS2_32.dll
0x00007ffff0ea0000 - 0x00007ffff0eca000 	C:\Windows\SYSTEM32\WINMMBASE.dll
0x00007ffff9430000 - 0x00007ffff9439000 	C:\Windows\system32\NSI.dll
0x00007ffff8390000 - 0x00007ffff83da000 	C:\Windows\SYSTEM32\cfgmgr32.dll
0x00007ffff7150000 - 0x00007ffff7176000 	C:\Windows\SYSTEM32\DEVOBJ.dll
0x00007ffff0fb0000 - 0x00007ffff0fbf000 	C:\Program Files\Java\jdk1.8.0_221\jre\bin\verify.dll
0x00007ffff08c0000 - 0x00007ffff08e9000 	C:\Program Files\Java\jdk1.8.0_221\jre\bin\java.dll
0x00007ffff0f50000 - 0x00007ffff0f66000 	C:\Program Files\Java\jdk1.8.0_221\jre\bin\zip.dll
0x00007fffe4770000 - 0x00007fffe4909000 	C:\Program Files\Java\jdk1.8.0_221\jre\bin\awt.dll
0x00007ffff8e90000 - 0x00007ffff8f47000 	C:\Windows\system32\OLEAUT32.dll
0x00007ffff6fd0000 - 0x00007ffff70f1000 	C:\Windows\system32\uxtheme.dll
0x00007ffff6750000 - 0x00007ffff6770000 	C:\Windows\system32\dwmapi.dll
0x00007ffff6ef0000 - 0x00007ffff6efa000 	C:\Windows\SYSTEM32\kernel.appcore.dll
0x00007ffff8200000 - 0x00007ffff820a000 	C:\Windows\SYSTEM32\CRYPTBASE.dll
0x00007ffff81a0000 - 0x00007ffff8200000 	C:\Windows\SYSTEM32\bcryptPrimitives.dll
0x00007fffeb7b0000 - 0x00007fffeb8d1000 	C:\Windows\system32\opengl32.dll
0x00007ffff1030000 - 0x00007ffff105c000 	C:\Windows\SYSTEM32\GLU32.dll
0x00007fffeb6b0000 - 0x00007fffeb7a4000 	C:\Windows\SYSTEM32\DDRAW.dll
0x00007ffff4c70000 - 0x00007ffff4c79000 	C:\Windows\SYSTEM32\DCIMAN32.dll
0x00007ffff07d0000 - 0x00007ffff0819000 	C:\Program Files\Java\jdk1.8.0_221\jre\bin\fontmanager.dll
0x00007ffff08a0000 - 0x00007ffff08ba000 	C:\Program Files\Java\jdk1.8.0_221\jre\bin\net.dll
0x00007ffff1bd0000 - 0x00007ffff1d30000 	C:\Windows\SYSTEM32\urlmon.dll
0x00007ffff1900000 - 0x00007ffff1ba9000 	C:\Windows\SYSTEM32\iertutil.dll
0x00007ffff16d0000 - 0x00007ffff1900000 	C:\Windows\SYSTEM32\WININET.dll
0x00007ffff7bf0000 - 0x00007ffff7c48000 	C:\Windows\system32\mswsock.dll
0x00007ffff0880000 - 0x00007ffff0892000 	C:\Program Files\Java\jdk1.8.0_221\jre\bin\nio.dll
0x00007ffff0780000 - 0x00007ffff07c2000 	C:\Program Files\Java\jdk1.8.0_221\jre\bin\t2k.dll
0x00007fffe87b0000 - 0x00007fffe87b8000 	C:\Windows\System32\OskSupport.dll
0x00007ffff8ff0000 - 0x00007ffff9094000 	C:\Windows\SYSTEM32\clbcatq.dll
0x00007ffff65b0000 - 0x00007ffff6743000 	C:\Windows\SYSTEM32\WindowsCodecs.dll
0x00007ffff7c50000 - 0x00007ffff7c6e000 	C:\Windows\SYSTEM32\CRYPTSP.dll
0x00007ffff7840000 - 0x00007ffff7875000 	C:\Windows\system32\rsaenh.dll
0x00007ffff7e80000 - 0x00007ffff7ea6000 	C:\Windows\SYSTEM32\bcrypt.dll
0x00007ffff34a0000 - 0x00007ffff34c9000 	C:\Windows\SYSTEM32\IPHLPAPI.DLL
0x00007ffff3470000 - 0x00007ffff347a000 	C:\Windows\SYSTEM32\WINNSI.DLL
0x00007ffff2f70000 - 0x00007ffff2f84000 	C:\Windows\SYSTEM32\dhcpcsvc6.DLL
0x00007ffff3150000 - 0x00007ffff3169000 	C:\Windows\SYSTEM32\dhcpcsvc.DLL
0x000000006d580000 - 0x000000006d63d000 	C:\Users\user\AppData\Local\Temp\sqlite-3.8.11.2-3dca6df3-a8a4-4a0e-8fb7-57fb438b4f37-sqlitejdbc.dll
0x00007fffdd3d0000 - 0x00007fffdd558000 	C:\Windows\SYSTEM32\dbghelp.dll

VM Arguments:
jvm_args: -Dfile.encoding=UTF-8 
java_command: privite.school.school
java_class_path (initial): C:\Users\user\Documents\jcalendar-1.3.2.jar;C:\Users\user\Downloads\sqlite-jdbc-3.8.11.2.jar;C:\Users\user\Downloads\rs2xml.jar;C:\Program Files\NetBeans 8.2\java\modules\ext\AbsoluteLayout.jar;C:\Users\user\Documents\NetBeansProjects\privite school\build\classes
Launcher Type: SUN_STANDARD

Environment Variables:
JAVA_HOME=C:\Program Files\Java\jdk1.8.0_221
PATH=C:\Windows\system32;C:\Windows;C:\Windows\System32\Wbem;C:\Windows\System32\WindowsPowerShell\v1.0;C:\Program Files\Java\jdk1.8.0_221\bin;C:\Program Files\Android\Android Studio\gradle\gradle-5.1.1\bin
USERNAME=user
OS=Windows_NT
PROCESSOR_IDENTIFIER=Intel64 Family 6 Model 69 Stepping 1, GenuineIntel



---------------  S Y S T E M  ---------------

OS: Windows 8.1 , 64 bit Build 9600 (6.3.9600.17031)

CPU:total 4 (initial active 4) (2 cores per cpu, 2 threads per core) family 6 model 69 stepping 1, cmov, cx8, fxsr, mmx, sse, sse2, sse3, ssse3, sse4.1, sse4.2, popcnt, avx, avx2, aes, clmul, erms, lzcnt, ht, tsc, tscinvbit, bmi1, bmi2

Memory: 4k page, physical 4063344k(1554080k free), swap 22495344k(19886328k free)

vm_info: Java HotSpot(TM) 64-Bit Server VM (25.221-b11) for windows-amd64 JRE (1.8.0_221-b11), built on Jul  4 2019 04:39:29 by "java_re" with MS VC++ 10.0 (VS2010)

time: Sun Mar 29 17:40:39 2020
timezone: W. Central Africa Standard Time
elapsed time: 2 seconds (0d 0h 0m 2s)

