#
# A fatal error has been detected by the Java Runtime Environment:
#
#  EXCEPTION_ACCESS_VIOLATION (0xc0000005) at pc=0x000000006d58f3d8, pid=4056, tid=0x0000000000000fd0
#
# JRE version: Java(TM) SE Runtime Environment (8.0_221-b11) (build 1.8.0_221-b11)
# Java VM: Java HotSpot(TM) 64-Bit Server VM (25.221-b11 mixed mode windows-amd64 compressed oops)
# Problematic frame:
# C  [sqlite-3.8.11.2-e6b7a351-761d-4afb-97fa-db24d12d6824-sqlitejdbc.dll+0xf3d8]
#
# Failed to write core dump. Minidumps are not enabled by default on client versions of Windows
#
# If you would like to submit a bug report, please visit:
#   http://bugreport.java.com/bugreport/crash.jsp
# The crash happened outside the Java Virtual Machine in native code.
# See problematic frame for where to report the bug.
#

---------------  T H R E A D  ---------------

Current thread (0x000000001711f800):  JavaThread "Timer-0" [_thread_in_native, id=4048, stack(0x0000000019050000,0x0000000019150000)]

siginfo: ExceptionCode=0xc0000005, reading address 0x0000000000000051

Registers:
RAX=0x0000000000000000, RBX=0x0000000018d61f58, RCX=0x0000000000000000, RDX=0x0000000000000000
RSP=0x000000001914edb8, RBP=0x000000001914ef08, RSI=0x0000000000000000, RDI=0x000000000000000c
R8 =0x0000000000000000, R9 =0x0000000000000001, R10=0x00000000022497af, R11=0x0000000051c4ce30
R12=0x0000000000000000, R13=0x0000000018c42af0, R14=0x000000001914ef40, R15=0x000000001711f800
RIP=0x000000006d58f3d8, EFLAGS=0x0000000000010297

Top of Stack: (sp=0x000000001914edb8)
0x000000001914edb8:   000000006d58f40b 000000001914ef40
0x000000001914edc8:   0000000018c42af0 0000000000000000
0x000000001914edd8:   000000001914ef08 0000000018d61f58
0x000000001914ede8:   000000006d5b21a1 000000001914eeb8
0x000000001914edf8:   0000000051c5e72f 000000001711f800
0x000000001914ee08:   000000001914ef08 000000001711f800
0x000000001914ee18:   000000001711f9f8 0000000051b615c0
0x000000001914ee28:   000000006d5823ae 0000000016ef8958
0x000000001914ee38:   000000001711f800 0000000000000158
0x000000001914ee48:   0000000002814f10 000000001711dbd0
0x000000001914ee58:   0000000018c42af0 0000000000000158
0x000000001914ee68:   00000000022497db 00000000ec612460
0x000000001914ee78:   000000001914ee78 000000000000000c
0x000000001914ee88:   0000000002249550 000000001711f800
0x000000001914ee98:   0000000018c42af0 000000001914ef10
0x000000001914eea8:   0000000002237da0 000000000224950a 

Instructions: (pc=0x000000006d58f3d8)
0x000000006d58f3b8:   00 c6 41 51 00 e8 ce ff ff ff b8 07 00 00 00 48
0x000000006d58f3c8:   83 c4 28 c3 0f 1f 40 00 81 fa 0a 0c 00 00 74 0c
0x000000006d58f3d8:   80 79 51 00 75 06 8b 41 48 21 d0 c3 eb ca 66 2e
0x000000006d58f3e8:   0f 1f 84 00 00 00 00 00 53 48 83 ec 20 48 85 c9 


Register to memory mapping:

RAX=0x0000000000000000 is an unknown value
RBX=0x0000000018d61f58 is an unknown value
RCX=0x0000000000000000 is an unknown value
RDX=0x0000000000000000 is an unknown value
RSP=0x000000001914edb8 is pointing into the stack for thread: 0x000000001711f800
RBP=0x000000001914ef08 is pointing into the stack for thread: 0x000000001711f800
RSI=0x0000000000000000 is an unknown value
RDI=0x000000000000000c is an unknown value
R8 =0x0000000000000000 is an unknown value
R9 =0x0000000000000001 is an unknown value
R10=0x00000000022497af is at code_begin+1295 in an Interpreter codelet
method entry point (kind = native_synchronized)  [0x00000000022492a0, 0x0000000002249e00]  2912 bytes
R11=0x0000000051c4ce30 is an unknown value
R12=0x0000000000000000 is an unknown value
R13={method} {0x0000000018c42af8} 'column_text' '(JI)Ljava/lang/String;' in 'org/sqlite/core/NativeDB'
R14=0x000000001914ef40 is pointing into the stack for thread: 0x000000001711f800
R15=0x000000001711f800 is a thread


Stack: [0x0000000019050000,0x0000000019150000],  sp=0x000000001914edb8,  free space=1019k
Native frames: (J=compiled Java code, j=interpreted, Vv=VM code, C=native code)
C  [sqlite-3.8.11.2-e6b7a351-761d-4afb-97fa-db24d12d6824-sqlitejdbc.dll+0xf3d8]
C  [sqlite-3.8.11.2-e6b7a351-761d-4afb-97fa-db24d12d6824-sqlitejdbc.dll+0xf40b]
C  [sqlite-3.8.11.2-e6b7a351-761d-4afb-97fa-db24d12d6824-sqlitejdbc.dll+0x321a1]
C  [sqlite-3.8.11.2-e6b7a351-761d-4afb-97fa-db24d12d6824-sqlitejdbc.dll+0x23ae]
C  0x00000000022497db

Java frames: (J=compiled Java code, j=interpreted, Vv=VM code)
j  org.sqlite.core.NativeDB.column_text(JI)Ljava/lang/String;+0
j  org.sqlite.jdbc3.JDBC3ResultSet.getString(I)Ljava/lang/String;+16
j  org.sqlite.jdbc3.JDBC3ResultSet.getString(Ljava/lang/String;)Ljava/lang/String;+6
j  privite.school.school.count_days(Ljava/lang/String;Ljavax/swing/JTable;)V+106
j  privite.school.school$1.run()V+13
j  java.util.TimerThread.mainLoop()V+221
j  java.util.TimerThread.run()V+1
v  ~StubRoutines::call_stub

---------------  P R O C E S S  ---------------

Java Threads: ( => current thread )
=>0x000000001711f800 JavaThread "Timer-0" [_thread_in_native, id=4048, stack(0x0000000019050000,0x0000000019150000)]
  0x0000000016d51800 JavaThread "Image Fetcher 1" daemon [_thread_blocked, id=160, stack(0x00000000182e0000,0x00000000183e0000)]
  0x0000000016d21000 JavaThread "Image Fetcher 0" daemon [_thread_blocked, id=1932, stack(0x00000000181e0000,0x00000000182e0000)]
  0x0000000016d13800 JavaThread "TimerQueue" daemon [_thread_blocked, id=4032, stack(0x0000000017ee0000,0x0000000017fe0000)]
  0x000000000212d800 JavaThread "DestroyJavaVM" [_thread_blocked, id=2768, stack(0x0000000002000000,0x0000000002100000)]
  0x0000000016c61000 JavaThread "AWT-EventQueue-0" [_thread_blocked, id=4084, stack(0x0000000017be0000,0x0000000017ce0000)]
  0x0000000016bf0800 JavaThread "AWT-Windows" daemon [_thread_in_native, id=3384, stack(0x00000000175d0000,0x00000000176d0000)]
  0x0000000016bee000 JavaThread "AWT-Shutdown" [_thread_blocked, id=2996, stack(0x00000000174d0000,0x00000000175d0000)]
  0x0000000016c0a000 JavaThread "Java2D Disposer" daemon [_thread_blocked, id=1124, stack(0x00000000173d0000,0x00000000174d0000)]
  0x000000001614f000 JavaThread "Service Thread" daemon [_thread_blocked, id=2372, stack(0x00000000165d0000,0x00000000166d0000)]
  0x00000000160d8800 JavaThread "C1 CompilerThread2" daemon [_thread_blocked, id=3292, stack(0x00000000164d0000,0x00000000165d0000)]
  0x00000000147f8800 JavaThread "C2 CompilerThread1" daemon [_thread_blocked, id=1976, stack(0x0000000015fd0000,0x00000000160d0000)]
  0x00000000147f5000 JavaThread "C2 CompilerThread0" daemon [_thread_blocked, id=3500, stack(0x0000000015ed0000,0x0000000015fd0000)]
  0x0000000014844800 JavaThread "Attach Listener" daemon [_thread_blocked, id=3156, stack(0x0000000015dd0000,0x0000000015ed0000)]
  0x00000000147e9000 JavaThread "Signal Dispatcher" daemon [_thread_blocked, id=3668, stack(0x0000000015cd0000,0x0000000015dd0000)]
  0x00000000147d9800 JavaThread "Finalizer" daemon [_thread_blocked, id=3584, stack(0x0000000015a60000,0x0000000015b60000)]
  0x0000000002221000 JavaThread "Reference Handler" daemon [_thread_blocked, id=2100, stack(0x0000000015960000,0x0000000015a60000)]

Other Threads:
  0x00000000147b7800 VMThread [stack: 0x0000000015860000,0x0000000015960000] [id=192]
  0x000000001619c000 WatcherThread [stack: 0x00000000166d0000,0x00000000167d0000] [id=184]

VM state:not at safepoint (normal execution)

VM Mutex/Monitor currently owned by a thread: None

heap address: 0x00000000c1e00000, size: 994 MB, Compressed Oops mode: 32-bit
Narrow klass base: 0x0000000000000000, Narrow klass shift: 3
Compressed class space size: 1073741824 Address: 0x0000000100000000

Heap:
 PSYoungGen      total 18944K, used 10566K [0x00000000eb500000, 0x00000000eca00000, 0x0000000100000000)
  eden space 16384K, 48% used [0x00000000eb500000,0x00000000ebcd2098,0x00000000ec500000)
  from space 2560K, 99% used [0x00000000ec500000,0x00000000ec77fa50,0x00000000ec780000)
  to   space 2560K, 0% used [0x00000000ec780000,0x00000000ec780000,0x00000000eca00000)
 ParOldGen       total 44032K, used 1912K [0x00000000c1e00000, 0x00000000c4900000, 0x00000000eb500000)
  object space 44032K, 4% used [0x00000000c1e00000,0x00000000c1fde000,0x00000000c4900000)
 Metaspace       used 16442K, capacity 16682K, committed 16768K, reserved 1064960K
  class space    used 2088K, capacity 2176K, committed 2176K, reserved 1048576K

Card table byte_map: [0x00000000115f0000,0x00000000117f0000] byte_map_base: 0x0000000010fe1000

Marking Bits: (ParMarkBitMap*) 0x0000000052245ce0
 Begin Bits: [0x0000000011d40000, 0x0000000012cc8000)
 End Bits:   [0x0000000012cc8000, 0x0000000013c50000)

Polling page: 0x00000000007f0000

CodeCache: size=245760Kb used=6234Kb max_used=6234Kb free=239525Kb
 bounds [0x0000000002230000, 0x0000000002850000, 0x0000000011230000]
 total_blobs=2482 nmethods=1956 adapters=437
 compilation: enabled

Compilation events (10 events):
Event: 3.203 Thread 0x00000000160d8800 nmethod 1951 0x00000000028445d0 code [0x0000000002844820, 0x0000000002845518]
Event: 3.203 Thread 0x00000000160d8800 1952       3       java.util.IdentityHashMap::maskNull (12 bytes)
Event: 3.203 Thread 0x00000000160d8800 nmethod 1952 0x0000000002840790 code [0x00000000028408e0, 0x0000000002840a70]
Event: 3.203 Thread 0x00000000160d8800 1953       3       java.util.IdentityHashMap::hash (18 bytes)
Event: 3.203 Thread 0x00000000160d8800 nmethod 1953 0x0000000002840410 code [0x0000000002840580, 0x0000000002840708]
Event: 3.203 Thread 0x00000000160d8800 1954       3       java.util.Date::<init> (10 bytes)
Event: 3.204 Thread 0x00000000160d8800 nmethod 1954 0x0000000002844210 code [0x0000000002844360, 0x0000000002844510]
Event: 3.204 Thread 0x00000000160d8800 1956  s!   3       java.awt.AWTKeyStroke::getCachedStroke (228 bytes)
Event: 3.207 Thread 0x00000000160d8800 nmethod 1956 0x0000000002845ad0 code [0x0000000002845e00, 0x0000000002847818]
Event: 3.207 Thread 0x00000000160d8800 1955   !   3       java.awt.AWTKeyStroke::registerSubclass (222 bytes)

GC Heap History (2 events):
Event: 1.578 GC heap before
{Heap before GC invocations=1 (full 0):
 PSYoungGen      total 18944K, used 16384K [0x00000000eb500000, 0x00000000eca00000, 0x0000000100000000)
  eden space 16384K, 100% used [0x00000000eb500000,0x00000000ec500000,0x00000000ec500000)
  from space 2560K, 0% used [0x00000000ec780000,0x00000000ec780000,0x00000000eca00000)
  to   space 2560K, 0% used [0x00000000ec500000,0x00000000ec500000,0x00000000ec780000)
 ParOldGen       total 44032K, used 0K [0x00000000c1e00000, 0x00000000c4900000, 0x00000000eb500000)
  object space 44032K, 0% used [0x00000000c1e00000,0x00000000c1e00000,0x00000000c4900000)
 Metaspace       used 13335K, capacity 13630K, committed 13952K, reserved 1060864K
  class space    used 1747K, capacity 1822K, committed 1920K, reserved 1048576K
Event: 1.588 GC heap after
Heap after GC invocations=1 (full 0):
 PSYoungGen      total 18944K, used 2558K [0x00000000eb500000, 0x00000000eca00000, 0x0000000100000000)
  eden space 16384K, 0% used [0x00000000eb500000,0x00000000eb500000,0x00000000ec500000)
  from space 2560K, 99% used [0x00000000ec500000,0x00000000ec77fa50,0x00000000ec780000)
  to   space 2560K, 0% used [0x00000000ec780000,0x00000000ec780000,0x00000000eca00000)
 ParOldGen       total 44032K, used 1912K [0x00000000c1e00000, 0x00000000c4900000, 0x00000000eb500000)
  object space 44032K, 4% used [0x00000000c1e00000,0x00000000c1fde000,0x00000000c4900000)
 Metaspace       used 13335K, capacity 13630K, committed 13952K, reserved 1060864K
  class space    used 1747K, capacity 1822K, committed 1920K, reserved 1048576K
}

Deoptimization events (10 events):
Event: 2.880 Thread 0x0000000016c61000 Uncommon trap: reason=unstable_if action=reinterpret pc=0x0000000002612ffc method=java.lang.String.indexOf([CII[CIII)I @ 3
Event: 2.885 Thread 0x0000000016c61000 Uncommon trap: reason=bimorphic action=maybe_recompile pc=0x0000000002439aec method=java.util.HashMap.getNode(ILjava/lang/Object;)Ljava/util/HashMap$Node; @ 126
Event: 2.885 Thread 0x0000000016c61000 Uncommon trap: reason=bimorphic action=maybe_recompile pc=0x0000000002439aec method=java.util.HashMap.getNode(ILjava/lang/Object;)Ljava/util/HashMap$Node; @ 126
Event: 2.885 Thread 0x0000000016c61000 Uncommon trap: reason=bimorphic action=maybe_recompile pc=0x0000000002439aec method=java.util.HashMap.getNode(ILjava/lang/Object;)Ljava/util/HashMap$Node; @ 126
Event: 2.885 Thread 0x0000000016c61000 Uncommon trap: reason=bimorphic action=maybe_recompile pc=0x0000000002439aec method=java.util.HashMap.getNode(ILjava/lang/Object;)Ljava/util/HashMap$Node; @ 126
Event: 2.887 Thread 0x0000000016c61000 Uncommon trap: reason=class_check action=maybe_recompile pc=0x0000000002656a38 method=java.util.HashMap.putVal(ILjava/lang/Object;Ljava/lang/Object;ZZ)Ljava/lang/Object; @ 253
Event: 2.888 Thread 0x0000000016c61000 Uncommon trap: reason=class_check action=maybe_recompile pc=0x0000000002656a38 method=java.util.HashMap.putVal(ILjava/lang/Object;Ljava/lang/Object;ZZ)Ljava/lang/Object; @ 253
Event: 2.888 Thread 0x0000000016c61000 Uncommon trap: reason=class_check action=maybe_recompile pc=0x0000000002601c24 method=java.util.HashMap.putVal(ILjava/lang/Object;Ljava/lang/Object;ZZ)Ljava/lang/Object; @ 253
Event: 3.129 Thread 0x0000000016c61000 Uncommon trap: reason=unstable_if action=reinterpret pc=0x000000000283fa44 method=org.sqlite.SQLiteJDBCLoader.contentsEquals(Ljava/io/InputStream;Ljava/io/InputStream;)Z @ 39
Event: 3.206 Thread 0x000000001711f800 Uncommon trap: reason=unstable_if action=reinterpret pc=0x000000000252ab98 method=java.util.Calendar.getSetStateFields()I @ 19

Classes redefined (0 events):
No events

Internal exceptions (10 events):
Event: 0.051 Thread 0x000000000212d800 Exception <a 'java/lang/NoSuchMethodError': Method sun.misc.Unsafe.defineClass(Ljava/lang/String;[BII)Ljava/lang/Class; name or signature does not match> (0x00000000eb507cb8) thrown at [C:\re\workspace\8-2-build-windows-amd64-cygwin\jdk8u221\13320\hotspot
Event: 0.051 Thread 0x000000000212d800 Exception <a 'java/lang/NoSuchMethodError': Method sun.misc.Unsafe.prefetchRead(Ljava/lang/Object;J)V name or signature does not match> (0x00000000eb507fa0) thrown at [C:\re\workspace\8-2-build-windows-amd64-cygwin\jdk8u221\13320\hotspot\src\share\vm\prim
Event: 0.248 Thread 0x000000000212d800 Exception <a 'java/security/PrivilegedActionException'> (0x00000000eb66cfc0) thrown at [C:\re\workspace\8-2-build-windows-amd64-cygwin\jdk8u221\13320\hotspot\src\share\vm\prims\jvm.cpp, line 1502]
Event: 0.248 Thread 0x000000000212d800 Exception <a 'java/security/PrivilegedActionException'> (0x00000000eb66d1d0) thrown at [C:\re\workspace\8-2-build-windows-amd64-cygwin\jdk8u221\13320\hotspot\src\share\vm\prims\jvm.cpp, line 1502]
Event: 0.250 Thread 0x000000000212d800 Exception <a 'java/security/PrivilegedActionException'> (0x00000000eb6710e0) thrown at [C:\re\workspace\8-2-build-windows-amd64-cygwin\jdk8u221\13320\hotspot\src\share\vm\prims\jvm.cpp, line 1502]
Event: 0.250 Thread 0x000000000212d800 Exception <a 'java/security/PrivilegedActionException'> (0x00000000eb6712f0) thrown at [C:\re\workspace\8-2-build-windows-amd64-cygwin\jdk8u221\13320\hotspot\src\share\vm\prims\jvm.cpp, line 1502]
Event: 0.259 Thread 0x000000000212d800 Exception <a 'java/io/FileNotFoundException'> (0x00000000eb673420) thrown at [C:\re\workspace\8-2-build-windows-amd64-cygwin\jdk8u221\13320\hotspot\src\share\vm\prims\jni.cpp, line 710]
Event: 0.333 Thread 0x000000000212d800 Exception <a 'java/lang/NoSuchFieldError': method resolution failed> (0x00000000eb743bd8) thrown at [C:\re\workspace\8-2-build-windows-amd64-cygwin\jdk8u221\13320\hotspot\src\share\vm\prims\methodHandles.cpp, line 1167]
Event: 0.338 Thread 0x000000000212d800 Exception <a 'java/lang/NoSuchFieldError': method resolution failed> (0x00000000eb750f28) thrown at [C:\re\workspace\8-2-build-windows-amd64-cygwin\jdk8u221\13320\hotspot\src\share\vm\prims\methodHandles.cpp, line 1167]
Event: 0.468 Thread 0x000000000212d800 Exception <a 'java/io/FileNotFoundException'> (0x00000000eb888460) thrown at [C:\re\workspace\8-2-build-windows-amd64-cygwin\jdk8u221\13320\hotspot\src\share\vm\prims\jni.cpp, line 710]

Events (10 events):
Event: 3.207 loading class java/util/concurrent/TimeUnit$3
Event: 3.207 loading class java/util/concurrent/TimeUnit$3 done
Event: 3.208 loading class java/util/concurrent/TimeUnit$4
Event: 3.208 loading class java/util/concurrent/TimeUnit$4 done
Event: 3.208 loading class java/util/concurrent/TimeUnit$5
Event: 3.208 loading class java/util/concurrent/TimeUnit$5 done
Event: 3.208 loading class java/util/concurrent/TimeUnit$6
Event: 3.208 loading class java/util/concurrent/TimeUnit$6 done
Event: 3.208 loading class java/util/concurrent/TimeUnit$7
Event: 3.208 loading class java/util/concurrent/TimeUnit$7 done


Dynamic libraries:
0x00007ff731870000 - 0x00007ff7318a7000 	C:\Program Files\Java\jdk1.8.0_221\bin\java.exe
0x00007ffb64400000 - 0x00007ffb645aa000 	C:\Windows\SYSTEM32\ntdll.dll
0x00007ffb63a40000 - 0x00007ffb63b7a000 	C:\Windows\system32\KERNEL32.DLL
0x00007ffb61890000 - 0x00007ffb619a0000 	C:\Windows\system32\KERNELBASE.dll
0x00007ffb603a0000 - 0x00007ffb60428000 	C:\Windows\system32\apphelp.dll
0x00007ffb55460000 - 0x00007ffb554af000 	C:\Windows\AppPatch\AppPatch64\AcGenral.DLL
0x00007ffb62420000 - 0x00007ffb624c7000 	C:\Windows\system32\msvcrt.dll
0x00007ffb61620000 - 0x00007ffb6164b000 	C:\Windows\SYSTEM32\SspiCli.dll
0x00007ffb63b80000 - 0x00007ffb63bd1000 	C:\Windows\system32\SHLWAPI.dll
0x00007ffb63f40000 - 0x00007ffb640b1000 	C:\Windows\system32\USER32.dll
0x00007ffb63be0000 - 0x00007ffb63d58000 	C:\Windows\system32\ole32.dll
0x00007ffb62620000 - 0x00007ffb63a37000 	C:\Windows\system32\SHELL32.dll
0x00007ffb60e00000 - 0x00007ffb60e1f000 	C:\Windows\SYSTEM32\USERENV.dll
0x00007ffb61ec0000 - 0x00007ffb61f65000 	C:\Windows\system32\ADVAPI32.dll
0x00007ffb5a140000 - 0x00007ffb5a15b000 	C:\Windows\SYSTEM32\MPR.dll
0x00007ffb641f0000 - 0x00007ffb64326000 	C:\Windows\system32\RPCRT4.dll
0x00007ffb64180000 - 0x00007ffb641d7000 	C:\Windows\SYSTEM32\sechost.dll
0x00007ffb61ce0000 - 0x00007ffb61eb6000 	C:\Windows\SYSTEM32\combase.dll
0x00007ffb624d0000 - 0x00007ffb62615000 	C:\Windows\system32\GDI32.dll
0x00007ffb61770000 - 0x00007ffb61784000 	C:\Windows\SYSTEM32\profapi.dll
0x00007ffb5e960000 - 0x00007ffb5e9ff000 	C:\Windows\SYSTEM32\SHCORE.dll
0x00007ffb61ca0000 - 0x00007ffb61cd4000 	C:\Windows\system32\IMM32.DLL
0x00007ffb622d0000 - 0x00007ffb62409000 	C:\Windows\system32\MSCTF.dll
0x00007ffb5e530000 - 0x00007ffb5e78a000 	C:\Windows\WinSxS\amd64_microsoft.windows.common-controls_6595b64144ccf1df_6.0.9600.17031_none_6242a4b3ecbb55a1\COMCTL32.dll
0x0000000051940000 - 0x0000000051a12000 	C:\Program Files\Java\jdk1.8.0_221\jre\bin\msvcr100.dll
0x0000000051a20000 - 0x00000000522c5000 	C:\Program Files\Java\jdk1.8.0_221\jre\bin\server\jvm.dll
0x00007ffb5a970000 - 0x00007ffb5a979000 	C:\Windows\SYSTEM32\WSOCK32.dll
0x00007ffb59fc0000 - 0x00007ffb59fdf000 	C:\Windows\SYSTEM32\WINMM.dll
0x00007ffb5ad60000 - 0x00007ffb5ad6a000 	C:\Windows\SYSTEM32\VERSION.dll
0x00007ffb643e0000 - 0x00007ffb643e7000 	C:\Windows\system32\PSAPI.DLL
0x00007ffb61fd0000 - 0x00007ffb62028000 	C:\Windows\system32\WS2_32.dll
0x00007ffb59f90000 - 0x00007ffb59fba000 	C:\Windows\SYSTEM32\WINMMBASE.dll
0x00007ffb62410000 - 0x00007ffb62419000 	C:\Windows\system32\NSI.dll
0x00007ffb61840000 - 0x00007ffb6188a000 	C:\Windows\SYSTEM32\cfgmgr32.dll
0x00007ffb605f0000 - 0x00007ffb60616000 	C:\Windows\SYSTEM32\DEVOBJ.dll
0x00007ffb5a960000 - 0x00007ffb5a96f000 	C:\Program Files\Java\jdk1.8.0_221\jre\bin\verify.dll
0x00007ffb4efa0000 - 0x00007ffb4efc9000 	C:\Program Files\Java\jdk1.8.0_221\jre\bin\java.dll
0x00007ffb4ef80000 - 0x00007ffb4ef96000 	C:\Program Files\Java\jdk1.8.0_221\jre\bin\zip.dll
0x00007ffb4ea90000 - 0x00007ffb4ec29000 	C:\Program Files\Java\jdk1.8.0_221\jre\bin\awt.dll
0x00007ffb640c0000 - 0x00007ffb64177000 	C:\Windows\system32\OLEAUT32.dll
0x00007ffb60470000 - 0x00007ffb60591000 	C:\Windows\system32\uxtheme.dll
0x00007ffb5e790000 - 0x00007ffb5e7b0000 	C:\Windows\system32\dwmapi.dll
0x00007ffb60640000 - 0x00007ffb6064a000 	C:\Windows\SYSTEM32\kernel.appcore.dll
0x00007ffb616b0000 - 0x00007ffb616ba000 	C:\Windows\SYSTEM32\CRYPTBASE.dll
0x00007ffb61650000 - 0x00007ffb616b0000 	C:\Windows\SYSTEM32\bcryptPrimitives.dll
0x00007ffb50cf0000 - 0x00007ffb50e11000 	C:\Windows\system32\opengl32.dll
0x00007ffb50c80000 - 0x00007ffb50cac000 	C:\Windows\SYSTEM32\GLU32.dll
0x00007ffb50b80000 - 0x00007ffb50c74000 	C:\Windows\SYSTEM32\DDRAW.dll
0x00007ffb52240000 - 0x00007ffb52249000 	C:\Windows\SYSTEM32\DCIMAN32.dll
0x00007ffb59c40000 - 0x00007ffb59c89000 	C:\Program Files\Java\jdk1.8.0_221\jre\bin\fontmanager.dll
0x00007ffb5ab70000 - 0x00007ffb5ab8a000 	C:\Program Files\Java\jdk1.8.0_221\jre\bin\net.dll
0x00007ffb5b710000 - 0x00007ffb5b870000 	C:\Windows\SYSTEM32\urlmon.dll
0x00007ffb5b460000 - 0x00007ffb5b709000 	C:\Windows\SYSTEM32\iertutil.dll
0x00007ffb5b230000 - 0x00007ffb5b460000 	C:\Windows\SYSTEM32\WININET.dll
0x00007ffb610a0000 - 0x00007ffb610f8000 	C:\Windows\system32\mswsock.dll
0x00007ffb5ab50000 - 0x00007ffb5ab62000 	C:\Program Files\Java\jdk1.8.0_221\jre\bin\nio.dll
0x00007ffb4ea40000 - 0x00007ffb4ea82000 	C:\Program Files\Java\jdk1.8.0_221\jre\bin\t2k.dll
0x00007ffb52f60000 - 0x00007ffb52f68000 	C:\Windows\System32\OskSupport.dll
0x00007ffb64330000 - 0x00007ffb643d4000 	C:\Windows\SYSTEM32\clbcatq.dll
0x00007ffb5ff60000 - 0x00007ffb600f3000 	C:\Windows\SYSTEM32\WindowsCodecs.dll
0x00007ffb61100000 - 0x00007ffb6111e000 	C:\Windows\SYSTEM32\CRYPTSP.dll
0x00007ffb60cf0000 - 0x00007ffb60d25000 	C:\Windows\system32\rsaenh.dll
0x00007ffb61330000 - 0x00007ffb61356000 	C:\Windows\SYSTEM32\bcrypt.dll
0x00007ffb5d1a0000 - 0x00007ffb5d1c9000 	C:\Windows\SYSTEM32\IPHLPAPI.DLL
0x00007ffb5d170000 - 0x00007ffb5d17a000 	C:\Windows\SYSTEM32\WINNSI.DLL
0x00007ffb5c4e0000 - 0x00007ffb5c4f4000 	C:\Windows\SYSTEM32\dhcpcsvc6.DLL
0x00007ffb5c5c0000 - 0x00007ffb5c5d9000 	C:\Windows\SYSTEM32\dhcpcsvc.DLL
0x000000006d580000 - 0x000000006d63d000 	C:\Users\user\AppData\Local\Temp\sqlite-3.8.11.2-e6b7a351-761d-4afb-97fa-db24d12d6824-sqlitejdbc.dll
0x00007ffb45790000 - 0x00007ffb45918000 	C:\Windows\SYSTEM32\dbghelp.dll

VM Arguments:
jvm_args: -Dfile.encoding=UTF-8 
java_command: privite.school.school
java_class_path (initial): C:\Users\user\Documents\jcalendar-1.3.2.jar;C:\Users\user\Downloads\sqlite-jdbc-3.8.11.2.jar;C:\Users\user\Downloads\rs2xml.jar;C:\Program Files\NetBeans 8.2\java\modules\ext\AbsoluteLayout.jar;C:\Users\user\Documents\NetBeansProjects\privite school\build\classes
Launcher Type: SUN_STANDARD

Environment Variables:
JAVA_HOME=C:\Program Files\Java\jdk1.8.0_221
PATH=C:\Windows\system32;C:\Windows;C:\Windows\System32\Wbem;C:\Windows\System32\WindowsPowerShell\v1.0;C:\Program Files\Java\jdk1.8.0_221\bin;C:\Program Files\Android\Android Studio\gradle\gradle-5.1.1\bin
USERNAME=user
OS=Windows_NT
PROCESSOR_IDENTIFIER=Intel64 Family 6 Model 69 Stepping 1, GenuineIntel



---------------  S Y S T E M  ---------------

OS: Windows 8.1 , 64 bit Build 9600 (6.3.9600.17031)

CPU:total 4 (initial active 4) (2 cores per cpu, 2 threads per core) family 6 model 69 stepping 1, cmov, cx8, fxsr, mmx, sse, sse2, sse3, ssse3, sse4.1, sse4.2, popcnt, avx, avx2, aes, clmul, erms, lzcnt, ht, tsc, tscinvbit, bmi1, bmi2

Memory: 4k page, physical 4063344k(1660276k free), swap 22495344k(19947008k free)

vm_info: Java HotSpot(TM) 64-Bit Server VM (25.221-b11) for windows-amd64 JRE (1.8.0_221-b11), built on Jul  4 2019 04:39:29 by "java_re" with MS VC++ 10.0 (VS2010)

time: Mon Mar 09 22:47:55 2020
timezone: W. Central Africa Standard Time
elapsed time: 3 seconds (0d 0h 0m 3s)

