#
# A fatal error has been detected by the Java Runtime Environment:
#
#  EXCEPTION_ACCESS_VIOLATION (0xc0000005) at pc=0x00007ffb6442cc39, pid=4060, tid=0x0000000000000cf0
#
# JRE version: Java(TM) SE Runtime Environment (8.0_221-b11) (build 1.8.0_221-b11)
# Java VM: Java HotSpot(TM) 64-Bit Server VM (25.221-b11 mixed mode windows-amd64 compressed oops)
# Problematic frame:
# C  [ntdll.dll+0x2cc39]
#
# Failed to write core dump. Minidumps are not enabled by default on client versions of Windows
#
# If you would like to submit a bug report, please visit:
#   http://bugreport.java.com/bugreport/crash.jsp
# The crash happened outside the Java Virtual Machine in native code.
# See problematic frame for where to report the bug.
#

---------------  T H R E A D  ---------------

Current thread (0x0000000017460800):  JavaThread "AWT-EventQueue-0" [_thread_in_native, id=3312, stack(0x00000000183f0000,0x00000000184f0000)]

siginfo: ExceptionCode=0xc0000005, writing address 0x000000410000000f

Registers:
RAX=0x00007ff7310a4000, RBX=0x000000000102ecf8, RCX=0x0000004100000007, RDX=0x00000000184edc28
RSP=0x00000000184edb18, RBP=0x00000000184edbf8, RSI=0x000000001944ded0, RDI=0x0000000000000001
R8 =0x000000000102ecf8, R9 =0x0000000016dd8500, R10=0x0000000002a697af, R11=0x0000000051c4ce30
R12=0x0000000000000000, R13=0x00000000192c2630, R14=0x00000000184edc28, R15=0x0000000017460800
RIP=0x00007ffb6442cc39, EFLAGS=0x0000000000010202

Top of Stack: (sp=0x00000000184edb18)
0x00000000184edb18:   000000006d5dd986 000000001740fa08
0x00000000184edb28:   0000000017460800 0000000000000006
0x00000000184edb38:   00000000c1f70420 0000000016ddbf70
0x00000000184edb48:   0000000051ad7e81 00000000184ee1c8
0x00000000184edb58:   00000000192c2630 0000000000000006
0x00000000184edb68:   0000000002a697db 0000000000000001
0x00000000184edb78:   0000000002a69550 0000000017460800
0x00000000184edb88:   00000000192c2630 00000000fffffffe
0x00000000184edb98:   00000000ebc95a28 0000000002a6950a
0x00000000184edba8:   0000000000000003 00000000ebc2e9a8
0x00000000184edbb8:   00000000184edba8 00000000192c2630
0x00000000184edbc8:   00000000184edc28 00000000193035b8
0x00000000184edbd8:   0000000000000000 00000000192c2630
0x00000000184edbe8:   0000000000000000 00000000184edc18
0x00000000184edbf8:   00000000184edc70 0000000002a57da0
0x00000000184edc08:   0000000000000000 0000000002a621d6 

Instructions: (pc=0x00007ffb6442cc39)
0x00007ffb6442cc19:   ff ff 48 8b cf e8 4d 74 04 00 eb 80 cc cc cc cc
0x00007ffb6442cc29:   cc cc cc cc cc cc cc 65 48 8b 04 25 30 00 00 00
0x00007ffb6442cc39:   f0 0f ba 71 08 00 48 8b 40 48 73 0e 48 89 41 10
0x00007ffb6442cc49:   c7 41 0c 01 00 00 00 33 c0 c3 48 39 41 10 75 06 


Register to memory mapping:

RAX=0x00007ff7310a4000 is an unknown value
RBX=0x000000000102ecf8 is an unknown value
RCX=0x0000004100000007 is an unknown value
RDX=0x00000000184edc28 is pointing into the stack for thread: 0x0000000017460800
RSP=0x00000000184edb18 is pointing into the stack for thread: 0x0000000017460800
RBP=0x00000000184edbf8 is pointing into the stack for thread: 0x0000000017460800
RSI=0x000000001944ded0 is an unknown value
RDI=0x0000000000000001 is an unknown value
R8 =0x000000000102ecf8 is an unknown value
R9 =0x0000000016dd8500 is an unknown value
R10=0x0000000002a697af is at code_begin+1295 in an Interpreter codelet
method entry point (kind = native_synchronized)  [0x0000000002a692a0, 0x0000000002a69e00]  2912 bytes
R11=0x0000000051c4ce30 is an unknown value
R12=0x0000000000000000 is an unknown value
R13={method} {0x00000000192c2638} 'reset' '(J)I' in 'org/sqlite/core/NativeDB'
R14=0x00000000184edc28 is pointing into the stack for thread: 0x0000000017460800
R15=0x0000000017460800 is a thread


Stack: [0x00000000183f0000,0x00000000184f0000],  sp=0x00000000184edb18,  free space=1014k
Native frames: (J=compiled Java code, j=interpreted, Vv=VM code, C=native code)
C  [ntdll.dll+0x2cc39]

Java frames: (J=compiled Java code, j=interpreted, Vv=VM code)
j  org.sqlite.core.NativeDB.reset(J)I+0
j  org.sqlite.core.CoreResultSet.close()V+81
j  privite.school.school.update_combo(Ljava/lang/String;Ljavax/swing/JComboBox;)V+89
j  privite.school.school.<init>()V+1348
j  privite.school.school$108.run()V+4
j  java.awt.event.InvocationEvent.dispatch()V+47
j  java.awt.EventQueue.dispatchEventImpl(Ljava/awt/AWTEvent;Ljava/lang/Object;)V+21
j  java.awt.EventQueue.access$500(Ljava/awt/EventQueue;Ljava/awt/AWTEvent;Ljava/lang/Object;)V+3
j  java.awt.EventQueue$3.run()Ljava/lang/Void;+32
j  java.awt.EventQueue$3.run()Ljava/lang/Object;+1
v  ~StubRoutines::call_stub
j  java.security.AccessController.doPrivileged(Ljava/security/PrivilegedAction;Ljava/security/AccessControlContext;)Ljava/lang/Object;+0
j  java.security.ProtectionDomain$JavaSecurityAccessImpl.doIntersectionPrivilege(Ljava/security/PrivilegedAction;Ljava/security/AccessControlContext;Ljava/security/AccessControlContext;)Ljava/lang/Object;+18
j  java.awt.EventQueue.dispatchEvent(Ljava/awt/AWTEvent;)V+46
j  java.awt.EventDispatchThread.pumpOneEventForFilters(I)V+140
j  java.awt.EventDispatchThread.pumpEventsForFilter(ILjava/awt/Conditional;Ljava/awt/EventFilter;)V+35
j  java.awt.EventDispatchThread.pumpEventsForHierarchy(ILjava/awt/Conditional;Ljava/awt/Component;)V+11
j  java.awt.EventDispatchThread.pumpEvents(ILjava/awt/Conditional;)V+4
j  java.awt.EventDispatchThread.pumpEvents(Ljava/awt/Conditional;)V+3
j  java.awt.EventDispatchThread.run()V+9
v  ~StubRoutines::call_stub

---------------  P R O C E S S  ---------------

Java Threads: ( => current thread )
  0x00000000179cf000 JavaThread "Timer-0" [_thread_blocked, id=3096, stack(0x00000000196d0000,0x00000000197d0000)]
  0x000000001756a800 JavaThread "Image Fetcher 0" daemon [_thread_blocked, id=400, stack(0x00000000189f0000,0x0000000018af0000)]
  0x000000001750f800 JavaThread "TimerQueue" daemon [_thread_blocked, id=2388, stack(0x00000000186f0000,0x00000000187f0000)]
  0x000000000100d800 JavaThread "DestroyJavaVM" [_thread_blocked, id=784, stack(0x0000000002750000,0x0000000002850000)]
=>0x0000000017460800 JavaThread "AWT-EventQueue-0" [_thread_in_native, id=3312, stack(0x00000000183f0000,0x00000000184f0000)]
  0x0000000016dda000 JavaThread "AWT-Windows" daemon [_thread_in_native, id=2696, stack(0x0000000017de0000,0x0000000017ee0000)]
  0x000000001740d800 JavaThread "AWT-Shutdown" [_thread_blocked, id=200, stack(0x0000000017ce0000,0x0000000017de0000)]
  0x000000001740c800 JavaThread "Java2D Disposer" daemon [_thread_blocked, id=384, stack(0x0000000017be0000,0x0000000017ce0000)]
  0x0000000016a51000 JavaThread "Service Thread" daemon [_thread_blocked, id=196, stack(0x0000000016de0000,0x0000000016ee0000)]
  0x0000000015020800 JavaThread "C1 CompilerThread2" daemon [_thread_blocked, id=3088, stack(0x00000000168e0000,0x00000000169e0000)]
  0x000000001501a000 JavaThread "C2 CompilerThread1" daemon [_thread_blocked, id=2892, stack(0x00000000167e0000,0x00000000168e0000)]
  0x0000000015016000 JavaThread "C2 CompilerThread0" daemon [_thread_blocked, id=4028, stack(0x00000000166e0000,0x00000000167e0000)]
  0x0000000015065800 JavaThread "Attach Listener" daemon [_thread_blocked, id=3064, stack(0x00000000165e0000,0x00000000166e0000)]
  0x000000001500a800 JavaThread "Signal Dispatcher" daemon [_thread_blocked, id=3568, stack(0x00000000164e0000,0x00000000165e0000)]
  0x0000000002a4b800 JavaThread "Finalizer" daemon [_thread_blocked, id=2504, stack(0x0000000016270000,0x0000000016370000)]
  0x0000000002a43000 JavaThread "Reference Handler" daemon [_thread_blocked, id=1696, stack(0x0000000016170000,0x0000000016270000)]

Other Threads:
  0x0000000014fd7000 VMThread [stack: 0x0000000016070000,0x0000000016170000] [id=3536]
  0x0000000016a98000 WatcherThread [stack: 0x0000000016ee0000,0x0000000016fe0000] [id=1920]

VM state:not at safepoint (normal execution)

VM Mutex/Monitor currently owned by a thread: None

heap address: 0x00000000c1e00000, size: 994 MB, Compressed Oops mode: 32-bit
Narrow klass base: 0x0000000000000000, Narrow klass shift: 3
Compressed class space size: 1073741824 Address: 0x0000000100000000

Heap:
 PSYoungGen      total 18944K, used 10444K [0x00000000eb500000, 0x00000000eca00000, 0x0000000100000000)
  eden space 16384K, 48% used [0x00000000eb500000,0x00000000ebcb3680,0x00000000ec500000)
  from space 2560K, 99% used [0x00000000ec500000,0x00000000ec77fa50,0x00000000ec780000)
  to   space 2560K, 0% used [0x00000000ec780000,0x00000000ec780000,0x00000000eca00000)
 ParOldGen       total 44032K, used 1920K [0x00000000c1e00000, 0x00000000c4900000, 0x00000000eb500000)
  object space 44032K, 4% used [0x00000000c1e00000,0x00000000c1fe0000,0x00000000c4900000)
 Metaspace       used 16445K, capacity 16678K, committed 16768K, reserved 1064960K
  class space    used 2093K, capacity 2176K, committed 2176K, reserved 1048576K

Card table byte_map: [0x0000000011e10000,0x0000000012010000] byte_map_base: 0x0000000011801000

Marking Bits: (ParMarkBitMap*) 0x0000000052245ce0
 Begin Bits: [0x0000000012560000, 0x00000000134e8000)
 End Bits:   [0x00000000134e8000, 0x0000000014470000)

Polling page: 0x0000000000e10000

CodeCache: size=245760Kb used=6193Kb max_used=6193Kb free=239566Kb
 bounds [0x0000000002a50000, 0x0000000003060000, 0x0000000011a50000]
 total_blobs=2486 nmethods=1960 adapters=437
 compilation: enabled

Compilation events (10 events):
Event: 3.436 Thread 0x0000000015020800 nmethod 1953 0x00000000030528d0 code [0x0000000003052a20, 0x0000000003052bb0]
Event: 3.436 Thread 0x0000000015020800 1954       3       java.util.IdentityHashMap::hash (18 bytes)
Event: 3.436 Thread 0x0000000015020800 nmethod 1954 0x0000000003052550 code [0x00000000030526c0, 0x0000000003052848]
Event: 3.436 Thread 0x0000000015020800 1955       3       java.util.Date::<init> (10 bytes)
Event: 3.437 Thread 0x0000000015020800 nmethod 1955 0x000000000305b950 code [0x000000000305baa0, 0x000000000305bc50]
Event: 3.437 Thread 0x0000000015020800 1957  s!   3       java.awt.AWTKeyStroke::getCachedStroke (228 bytes)
Event: 3.440 Thread 0x0000000015020800 nmethod 1957 0x0000000003058dd0 code [0x0000000003059100, 0x000000000305ab18]
Event: 3.440 Thread 0x0000000015020800 1958       1       javax.swing.InputMap::setParent (6 bytes)
Event: 3.440 Thread 0x0000000015020800 nmethod 1958 0x0000000003052290 code [0x00000000030523e0, 0x0000000003052510]
Event: 3.440 Thread 0x0000000015020800 1956   !   3       java.awt.AWTKeyStroke::registerSubclass (222 bytes)

GC Heap History (2 events):
Event: 1.874 GC heap before
{Heap before GC invocations=1 (full 0):
 PSYoungGen      total 18944K, used 16384K [0x00000000eb500000, 0x00000000eca00000, 0x0000000100000000)
  eden space 16384K, 100% used [0x00000000eb500000,0x00000000ec500000,0x00000000ec500000)
  from space 2560K, 0% used [0x00000000ec780000,0x00000000ec780000,0x00000000eca00000)
  to   space 2560K, 0% used [0x00000000ec500000,0x00000000ec500000,0x00000000ec780000)
 ParOldGen       total 44032K, used 0K [0x00000000c1e00000, 0x00000000c4900000, 0x00000000eb500000)
  object space 44032K, 0% used [0x00000000c1e00000,0x00000000c1e00000,0x00000000c4900000)
 Metaspace       used 13351K, capacity 13658K, committed 13952K, reserved 1060864K
  class space    used 1752K, capacity 1854K, committed 1920K, reserved 1048576K
Event: 1.883 GC heap after
Heap after GC invocations=1 (full 0):
 PSYoungGen      total 18944K, used 2558K [0x00000000eb500000, 0x00000000eca00000, 0x0000000100000000)
  eden space 16384K, 0% used [0x00000000eb500000,0x00000000eb500000,0x00000000ec500000)
  from space 2560K, 99% used [0x00000000ec500000,0x00000000ec77fa50,0x00000000ec780000)
  to   space 2560K, 0% used [0x00000000ec780000,0x00000000ec780000,0x00000000eca00000)
 ParOldGen       total 44032K, used 1920K [0x00000000c1e00000, 0x00000000c4900000, 0x00000000eb500000)
  object space 44032K, 4% used [0x00000000c1e00000,0x00000000c1fe0000,0x00000000c4900000)
 Metaspace       used 13351K, capacity 13658K, committed 13952K, reserved 1060864K
  class space    used 1752K, capacity 1854K, committed 1920K, reserved 1048576K
}

Deoptimization events (10 events):
Event: 3.133 Thread 0x0000000017460800 Uncommon trap: reason=unstable_if action=reinterpret pc=0x0000000002e2973c method=java.lang.String.indexOf([CII[CIII)I @ 3
Event: 3.138 Thread 0x0000000017460800 Uncommon trap: reason=bimorphic action=maybe_recompile pc=0x0000000002c5495c method=java.util.HashMap.getNode(ILjava/lang/Object;)Ljava/util/HashMap$Node; @ 126
Event: 3.138 Thread 0x0000000017460800 Uncommon trap: reason=bimorphic action=maybe_recompile pc=0x0000000002c5495c method=java.util.HashMap.getNode(ILjava/lang/Object;)Ljava/util/HashMap$Node; @ 126
Event: 3.138 Thread 0x0000000017460800 Uncommon trap: reason=bimorphic action=maybe_recompile pc=0x0000000002c5495c method=java.util.HashMap.getNode(ILjava/lang/Object;)Ljava/util/HashMap$Node; @ 126
Event: 3.138 Thread 0x0000000017460800 Uncommon trap: reason=bimorphic action=maybe_recompile pc=0x0000000002c5495c method=java.util.HashMap.getNode(ILjava/lang/Object;)Ljava/util/HashMap$Node; @ 126
Event: 3.140 Thread 0x0000000017460800 Uncommon trap: reason=class_check action=maybe_recompile pc=0x0000000002e706f8 method=java.util.HashMap.putVal(ILjava/lang/Object;Ljava/lang/Object;ZZ)Ljava/lang/Object; @ 253
Event: 3.140 Thread 0x0000000017460800 Uncommon trap: reason=class_check action=maybe_recompile pc=0x0000000002e706f8 method=java.util.HashMap.putVal(ILjava/lang/Object;Ljava/lang/Object;ZZ)Ljava/lang/Object; @ 253
Event: 3.140 Thread 0x0000000017460800 Uncommon trap: reason=class_check action=maybe_recompile pc=0x0000000002e1b964 method=java.util.HashMap.putVal(ILjava/lang/Object;Ljava/lang/Object;ZZ)Ljava/lang/Object; @ 253
Event: 3.367 Thread 0x0000000017460800 Uncommon trap: reason=unstable_if action=reinterpret pc=0x0000000003055484 method=org.sqlite.SQLiteJDBCLoader.contentsEquals(Ljava/io/InputStream;Ljava/io/InputStream;)Z @ 39
Event: 3.440 Thread 0x00000000179cf000 Uncommon trap: reason=unstable_if action=reinterpret pc=0x0000000002d4f2d8 method=java.util.Calendar.getSetStateFields()I @ 19

Classes redefined (0 events):
No events

Internal exceptions (10 events):
Event: 0.047 Thread 0x000000000100d800 Exception <a 'java/lang/NoSuchMethodError': Method sun.misc.Unsafe.defineClass(Ljava/lang/String;[BII)Ljava/lang/Class; name or signature does not match> (0x00000000eb507cb8) thrown at [C:\re\workspace\8-2-build-windows-amd64-cygwin\jdk8u221\13320\hotspot
Event: 0.047 Thread 0x000000000100d800 Exception <a 'java/lang/NoSuchMethodError': Method sun.misc.Unsafe.prefetchRead(Ljava/lang/Object;J)V name or signature does not match> (0x00000000eb507fa0) thrown at [C:\re\workspace\8-2-build-windows-amd64-cygwin\jdk8u221\13320\hotspot\src\share\vm\prim
Event: 0.238 Thread 0x000000000100d800 Exception <a 'java/security/PrivilegedActionException'> (0x00000000eb66cf90) thrown at [C:\re\workspace\8-2-build-windows-amd64-cygwin\jdk8u221\13320\hotspot\src\share\vm\prims\jvm.cpp, line 1502]
Event: 0.239 Thread 0x000000000100d800 Exception <a 'java/security/PrivilegedActionException'> (0x00000000eb66d1a0) thrown at [C:\re\workspace\8-2-build-windows-amd64-cygwin\jdk8u221\13320\hotspot\src\share\vm\prims\jvm.cpp, line 1502]
Event: 0.240 Thread 0x000000000100d800 Exception <a 'java/security/PrivilegedActionException'> (0x00000000eb6710b0) thrown at [C:\re\workspace\8-2-build-windows-amd64-cygwin\jdk8u221\13320\hotspot\src\share\vm\prims\jvm.cpp, line 1502]
Event: 0.240 Thread 0x000000000100d800 Exception <a 'java/security/PrivilegedActionException'> (0x00000000eb6712c0) thrown at [C:\re\workspace\8-2-build-windows-amd64-cygwin\jdk8u221\13320\hotspot\src\share\vm\prims\jvm.cpp, line 1502]
Event: 0.247 Thread 0x000000000100d800 Exception <a 'java/io/FileNotFoundException'> (0x00000000eb6733f0) thrown at [C:\re\workspace\8-2-build-windows-amd64-cygwin\jdk8u221\13320\hotspot\src\share\vm\prims\jni.cpp, line 710]
Event: 0.321 Thread 0x000000000100d800 Exception <a 'java/lang/NoSuchFieldError': method resolution failed> (0x00000000eb743eb8) thrown at [C:\re\workspace\8-2-build-windows-amd64-cygwin\jdk8u221\13320\hotspot\src\share\vm\prims\methodHandles.cpp, line 1167]
Event: 0.325 Thread 0x000000000100d800 Exception <a 'java/lang/NoSuchFieldError': method resolution failed> (0x00000000eb751208) thrown at [C:\re\workspace\8-2-build-windows-amd64-cygwin\jdk8u221\13320\hotspot\src\share\vm\prims\methodHandles.cpp, line 1167]
Event: 0.449 Thread 0x000000000100d800 Exception <a 'java/io/FileNotFoundException'> (0x00000000eb8884e0) thrown at [C:\re\workspace\8-2-build-windows-amd64-cygwin\jdk8u221\13320\hotspot\src\share\vm\prims\jni.cpp, line 710]

Events (10 events):
Event: 3.441 loading class java/util/concurrent/TimeUnit$4
Event: 3.441 loading class java/util/concurrent/TimeUnit$4 done
Event: 3.441 loading class java/util/concurrent/TimeUnit$5
Event: 3.441 loading class java/util/concurrent/TimeUnit$5 done
Event: 3.441 loading class java/util/concurrent/TimeUnit$6
Event: 3.441 loading class java/util/concurrent/TimeUnit$6 done
Event: 3.441 loading class java/util/concurrent/TimeUnit$7
Event: 3.441 loading class java/util/concurrent/TimeUnit$7 done
Event: 3.441 loading class java/sql/SQLWarning
Event: 3.442 loading class java/sql/SQLWarning done


Dynamic libraries:
0x00007ff731870000 - 0x00007ff7318a7000 	C:\Program Files\Java\jdk1.8.0_221\bin\java.exe
0x00007ffb64400000 - 0x00007ffb645aa000 	C:\Windows\SYSTEM32\ntdll.dll
0x00007ffb63a40000 - 0x00007ffb63b7a000 	C:\Windows\system32\KERNEL32.DLL
0x00007ffb61890000 - 0x00007ffb619a0000 	C:\Windows\system32\KERNELBASE.dll
0x00007ffb603a0000 - 0x00007ffb60428000 	C:\Windows\system32\apphelp.dll
0x00007ffb55460000 - 0x00007ffb554af000 	C:\Windows\AppPatch\AppPatch64\AcGenral.DLL
0x00007ffb62420000 - 0x00007ffb624c7000 	C:\Windows\system32\msvcrt.dll
0x00007ffb61620000 - 0x00007ffb6164b000 	C:\Windows\SYSTEM32\SspiCli.dll
0x00007ffb63b80000 - 0x00007ffb63bd1000 	C:\Windows\system32\SHLWAPI.dll
0x00007ffb63f40000 - 0x00007ffb640b1000 	C:\Windows\system32\USER32.dll
0x00007ffb63be0000 - 0x00007ffb63d58000 	C:\Windows\system32\ole32.dll
0x00007ffb62620000 - 0x00007ffb63a37000 	C:\Windows\system32\SHELL32.dll
0x00007ffb60e00000 - 0x00007ffb60e1f000 	C:\Windows\SYSTEM32\USERENV.dll
0x00007ffb61ec0000 - 0x00007ffb61f65000 	C:\Windows\system32\ADVAPI32.dll
0x00007ffb5a140000 - 0x00007ffb5a15b000 	C:\Windows\SYSTEM32\MPR.dll
0x00007ffb641f0000 - 0x00007ffb64326000 	C:\Windows\system32\RPCRT4.dll
0x00007ffb64180000 - 0x00007ffb641d7000 	C:\Windows\SYSTEM32\sechost.dll
0x00007ffb61ce0000 - 0x00007ffb61eb6000 	C:\Windows\SYSTEM32\combase.dll
0x00007ffb624d0000 - 0x00007ffb62615000 	C:\Windows\system32\GDI32.dll
0x00007ffb61770000 - 0x00007ffb61784000 	C:\Windows\SYSTEM32\profapi.dll
0x00007ffb5e960000 - 0x00007ffb5e9ff000 	C:\Windows\SYSTEM32\SHCORE.dll
0x00007ffb61ca0000 - 0x00007ffb61cd4000 	C:\Windows\system32\IMM32.DLL
0x00007ffb622d0000 - 0x00007ffb62409000 	C:\Windows\system32\MSCTF.dll
0x00007ffb5e530000 - 0x00007ffb5e78a000 	C:\Windows\WinSxS\amd64_microsoft.windows.common-controls_6595b64144ccf1df_6.0.9600.17031_none_6242a4b3ecbb55a1\COMCTL32.dll
0x0000000051940000 - 0x0000000051a12000 	C:\Program Files\Java\jdk1.8.0_221\jre\bin\msvcr100.dll
0x0000000051a20000 - 0x00000000522c5000 	C:\Program Files\Java\jdk1.8.0_221\jre\bin\server\jvm.dll
0x00007ffb5a970000 - 0x00007ffb5a979000 	C:\Windows\SYSTEM32\WSOCK32.dll
0x00007ffb59fc0000 - 0x00007ffb59fdf000 	C:\Windows\SYSTEM32\WINMM.dll
0x00007ffb5ad60000 - 0x00007ffb5ad6a000 	C:\Windows\SYSTEM32\VERSION.dll
0x00007ffb643e0000 - 0x00007ffb643e7000 	C:\Windows\system32\PSAPI.DLL
0x00007ffb61fd0000 - 0x00007ffb62028000 	C:\Windows\system32\WS2_32.dll
0x00007ffb59f90000 - 0x00007ffb59fba000 	C:\Windows\SYSTEM32\WINMMBASE.dll
0x00007ffb62410000 - 0x00007ffb62419000 	C:\Windows\system32\NSI.dll
0x00007ffb61840000 - 0x00007ffb6188a000 	C:\Windows\SYSTEM32\cfgmgr32.dll
0x00007ffb605f0000 - 0x00007ffb60616000 	C:\Windows\SYSTEM32\DEVOBJ.dll
0x00007ffb5a960000 - 0x00007ffb5a96f000 	C:\Program Files\Java\jdk1.8.0_221\jre\bin\verify.dll
0x00007ffb4efa0000 - 0x00007ffb4efc9000 	C:\Program Files\Java\jdk1.8.0_221\jre\bin\java.dll
0x00007ffb4ef80000 - 0x00007ffb4ef96000 	C:\Program Files\Java\jdk1.8.0_221\jre\bin\zip.dll
0x00007ffb4ea90000 - 0x00007ffb4ec29000 	C:\Program Files\Java\jdk1.8.0_221\jre\bin\awt.dll
0x00007ffb640c0000 - 0x00007ffb64177000 	C:\Windows\system32\OLEAUT32.dll
0x00007ffb60470000 - 0x00007ffb60591000 	C:\Windows\system32\uxtheme.dll
0x00007ffb5e790000 - 0x00007ffb5e7b0000 	C:\Windows\system32\dwmapi.dll
0x00007ffb60640000 - 0x00007ffb6064a000 	C:\Windows\SYSTEM32\kernel.appcore.dll
0x00007ffb616b0000 - 0x00007ffb616ba000 	C:\Windows\SYSTEM32\CRYPTBASE.dll
0x00007ffb61650000 - 0x00007ffb616b0000 	C:\Windows\SYSTEM32\bcryptPrimitives.dll
0x00007ffb50cf0000 - 0x00007ffb50e11000 	C:\Windows\system32\opengl32.dll
0x00007ffb50c80000 - 0x00007ffb50cac000 	C:\Windows\SYSTEM32\GLU32.dll
0x00007ffb50b80000 - 0x00007ffb50c74000 	C:\Windows\SYSTEM32\DDRAW.dll
0x00007ffb52240000 - 0x00007ffb52249000 	C:\Windows\SYSTEM32\DCIMAN32.dll
0x00007ffb59c40000 - 0x00007ffb59c89000 	C:\Program Files\Java\jdk1.8.0_221\jre\bin\fontmanager.dll
0x00007ffb5ab70000 - 0x00007ffb5ab8a000 	C:\Program Files\Java\jdk1.8.0_221\jre\bin\net.dll
0x00007ffb5b710000 - 0x00007ffb5b870000 	C:\Windows\SYSTEM32\urlmon.dll
0x00007ffb5b460000 - 0x00007ffb5b709000 	C:\Windows\SYSTEM32\iertutil.dll
0x00007ffb5b230000 - 0x00007ffb5b460000 	C:\Windows\SYSTEM32\WININET.dll
0x00007ffb610a0000 - 0x00007ffb610f8000 	C:\Windows\system32\mswsock.dll
0x00007ffb5ab50000 - 0x00007ffb5ab62000 	C:\Program Files\Java\jdk1.8.0_221\jre\bin\nio.dll
0x00007ffb4ea40000 - 0x00007ffb4ea82000 	C:\Program Files\Java\jdk1.8.0_221\jre\bin\t2k.dll
0x00007ffb52f60000 - 0x00007ffb52f68000 	C:\Windows\System32\OskSupport.dll
0x00007ffb64330000 - 0x00007ffb643d4000 	C:\Windows\SYSTEM32\clbcatq.dll
0x00007ffb5ff60000 - 0x00007ffb600f3000 	C:\Windows\SYSTEM32\WindowsCodecs.dll
0x00007ffb61100000 - 0x00007ffb6111e000 	C:\Windows\SYSTEM32\CRYPTSP.dll
0x00007ffb60cf0000 - 0x00007ffb60d25000 	C:\Windows\system32\rsaenh.dll
0x00007ffb61330000 - 0x00007ffb61356000 	C:\Windows\SYSTEM32\bcrypt.dll
0x00007ffb5d1a0000 - 0x00007ffb5d1c9000 	C:\Windows\SYSTEM32\IPHLPAPI.DLL
0x00007ffb5d170000 - 0x00007ffb5d17a000 	C:\Windows\SYSTEM32\WINNSI.DLL
0x00007ffb5c4e0000 - 0x00007ffb5c4f4000 	C:\Windows\SYSTEM32\dhcpcsvc6.DLL
0x00007ffb5c5c0000 - 0x00007ffb5c5d9000 	C:\Windows\SYSTEM32\dhcpcsvc.DLL
0x000000006d580000 - 0x000000006d63d000 	C:\Users\user\AppData\Local\Temp\sqlite-3.8.11.2-2b28d05c-71bd-40fc-ad7f-50066c6e9142-sqlitejdbc.dll
0x00007ffb45790000 - 0x00007ffb45918000 	C:\Windows\SYSTEM32\dbghelp.dll

VM Arguments:
jvm_args: -Dfile.encoding=UTF-8 
java_command: privite.school.school
java_class_path (initial): C:\Users\user\Documents\jcalendar-1.3.2.jar;C:\Users\user\Downloads\sqlite-jdbc-3.8.11.2.jar;C:\Users\user\Downloads\rs2xml.jar;C:\Program Files\NetBeans 8.2\java\modules\ext\AbsoluteLayout.jar;C:\Users\user\Documents\NetBeansProjects\privite school\build\classes
Launcher Type: SUN_STANDARD

Environment Variables:
JAVA_HOME=C:\Program Files\Java\jdk1.8.0_221
PATH=C:\Windows\system32;C:\Windows;C:\Windows\System32\Wbem;C:\Windows\System32\WindowsPowerShell\v1.0;C:\Program Files\Java\jdk1.8.0_221\bin;C:\Program Files\Android\Android Studio\gradle\gradle-5.1.1\bin
USERNAME=user
OS=Windows_NT
PROCESSOR_IDENTIFIER=Intel64 Family 6 Model 69 Stepping 1, GenuineIntel



---------------  S Y S T E M  ---------------

OS: Windows 8.1 , 64 bit Build 9600 (6.3.9600.17031)

CPU:total 4 (initial active 4) (2 cores per cpu, 2 threads per core) family 6 model 69 stepping 1, cmov, cx8, fxsr, mmx, sse, sse2, sse3, ssse3, sse4.1, sse4.2, popcnt, avx, avx2, aes, clmul, erms, lzcnt, ht, tsc, tscinvbit, bmi1, bmi2

Memory: 4k page, physical 4063344k(1641944k free), swap 22495344k(19948964k free)

vm_info: Java HotSpot(TM) 64-Bit Server VM (25.221-b11) for windows-amd64 JRE (1.8.0_221-b11), built on Jul  4 2019 04:39:29 by "java_re" with MS VC++ 10.0 (VS2010)

time: Mon Mar 09 22:48:08 2020
timezone: W. Central Africa Standard Time
elapsed time: 3 seconds (0d 0h 0m 3s)

