#
# A fatal error has been detected by the Java Runtime Environment:
#
#  EXCEPTION_ACCESS_VIOLATION (0xc0000005) at pc=0x000000006d5dd977, pid=3216, tid=0x0000000000000cd8
#
# JRE version: Java(TM) SE Runtime Environment (8.0_221-b11) (build 1.8.0_221-b11)
# Java VM: Java HotSpot(TM) 64-Bit Server VM (25.221-b11 mixed mode windows-amd64 compressed oops)
# Problematic frame:
# C  [sqlite-3.8.11.2-a459633b-479f-4fd9-ac1b-62d3e924cfa6-sqlitejdbc.dll+0x5d977]
#
# Failed to write core dump. Minidumps are not enabled by default on client versions of Windows
#
# If you would like to submit a bug report, please visit:
#   http://bugreport.java.com/bugreport/crash.jsp
# The crash happened outside the Java Virtual Machine in native code.
# See problematic frame for where to report the bug.
#

---------------  T H R E A D  ---------------

Current thread (0x00000000167d0000):  JavaThread "AWT-EventQueue-0" [_thread_in_native, id=3288, stack(0x00000000177d0000,0x00000000178d0000)]

siginfo: ExceptionCode=0xc0000005, reading address 0x0000000000000018

Registers:
RAX=0x0000000000000000, RBX=0x000000000026e6e8, RCX=0x000000000026e6e8, RDX=0x00000000178cde88
RSP=0x00000000178cdd80, RBP=0x00000000178cde58, RSI=0x0000000000000000, RDI=0x0000000000000010
R8 =0x000000000026e6e8, R9 =0x0000000016726c00, R10=0x0000000001e197af, R11=0x000000006974ce30
R12=0x0000000000000000, R13=0x0000000019128638, R14=0x00000000178cde88, R15=0x00000000167d0000
RIP=0x000000006d5dd977, EFLAGS=0x0000000000010206

Top of Stack: (sp=0x00000000178cdd80)
0x00000000178cdd80:   000000001672aff8 00000000167d0000
0x00000000178cdd90:   0000000050200021 00000000695dab09
0x00000000178cdda0:   00000000167289d0 00000000695d7e81
0x00000000178cddb0:   00000000178ce4b8 0000000019128638
0x00000000178cddc0:   0000000050200021 0000000001e197db
0x00000000178cddd0:   0000000000000010 0000000001e19550
0x00000000178cdde0:   00000000167d0000 0000000019128638
0x00000000178cddf0:   00000000167d0000 00000000695d8d83
0x00000000178cde00:   0000000001e1950a 0000000000000003
0x00000000178cde10:   00000000ed787cc8 00000000178cde08
0x00000000178cde20:   0000000019128638 00000000178cde88
0x00000000178cde30:   00000000191692c0 0000000000000000
0x00000000178cde40:   0000000019128638 0000000000000000
0x00000000178cde50:   00000000178cde78 00000000178cded0
0x00000000178cde60:   0000000001e07da0 0000000000000000
0x00000000178cde70:   0000000001e121d6 000000000026e6e8 

Instructions: (pc=0x000000006d5dd977)
0x000000006d5dd957:   5f c3 0f 1f 80 00 00 00 00 56 53 48 83 ec 38 31
0x000000006d5dd967:   c0 48 85 c9 48 89 cb 0f 84 aa 00 00 00 48 8b 31
0x000000006d5dd977:   48 8b 4e 18 48 85 c9 74 06 ff 15 62 a9 03 00 48
0x000000006d5dd987:   83 bb b8 00 00 00 00 7e 16 48 8d 93 b8 00 00 00 


Register to memory mapping:

RAX=0x0000000000000000 is an unknown value
RBX=0x000000000026e6e8 is an unknown value
RCX=0x000000000026e6e8 is an unknown value
RDX=0x00000000178cde88 is pointing into the stack for thread: 0x00000000167d0000
RSP=0x00000000178cdd80 is pointing into the stack for thread: 0x00000000167d0000
RBP=0x00000000178cde58 is pointing into the stack for thread: 0x00000000167d0000
RSI=0x0000000000000000 is an unknown value
RDI=0x0000000000000010 is an unknown value
R8 =0x000000000026e6e8 is an unknown value
R9 =0x0000000016726c00 is an unknown value
R10=0x0000000001e197af is at code_begin+1295 in an Interpreter codelet
method entry point (kind = native_synchronized)  [0x0000000001e192a0, 0x0000000001e19e00]  2912 bytes
R11=0x000000006974ce30 is an unknown value
R12=0x0000000000000000 is an unknown value
R13={method} {0x0000000019128640} 'reset' '(J)I' in 'org/sqlite/core/NativeDB'
R14=0x00000000178cde88 is pointing into the stack for thread: 0x00000000167d0000
R15=0x00000000167d0000 is a thread


Stack: [0x00000000177d0000,0x00000000178d0000],  sp=0x00000000178cdd80,  free space=1015k
Native frames: (J=compiled Java code, j=interpreted, Vv=VM code, C=native code)
C  [sqlite-3.8.11.2-a459633b-479f-4fd9-ac1b-62d3e924cfa6-sqlitejdbc.dll+0x5d977]
C  0x0000000001e197db

Java frames: (J=compiled Java code, j=interpreted, Vv=VM code)
j  org.sqlite.core.NativeDB.reset(J)I+0
j  org.sqlite.core.CoreResultSet.close()V+81
j  org.sqlite.core.CoreStatement.internalClose()V+34
j  org.sqlite.jdbc3.JDBC3Statement.close()V+33
j  privite.school.school.lambda$main$21()V+272
j  privite.school.school$$Lambda$15.run()V+0
j  java.awt.event.InvocationEvent.dispatch()V+47
j  java.awt.EventQueue.dispatchEventImpl(Ljava/awt/AWTEvent;Ljava/lang/Object;)V+21
j  java.awt.EventQueue.access$500(Ljava/awt/EventQueue;Ljava/awt/AWTEvent;Ljava/lang/Object;)V+3
j  java.awt.EventQueue$3.run()Ljava/lang/Void;+32
j  java.awt.EventQueue$3.run()Ljava/lang/Object;+1
v  ~StubRoutines::call_stub
j  java.security.AccessController.doPrivileged(Ljava/security/PrivilegedAction;Ljava/security/AccessControlContext;)Ljava/lang/Object;+0
j  java.security.ProtectionDomain$JavaSecurityAccessImpl.doIntersectionPrivilege(Ljava/security/PrivilegedAction;Ljava/security/AccessControlContext;Ljava/security/AccessControlContext;)Ljava/lang/Object;+18
j  java.awt.EventQueue.dispatchEvent(Ljava/awt/AWTEvent;)V+46
j  java.awt.EventDispatchThread.pumpOneEventForFilters(I)V+140
j  java.awt.EventDispatchThread.pumpEventsForFilter(ILjava/awt/Conditional;Ljava/awt/EventFilter;)V+35
j  java.awt.EventDispatchThread.pumpEventsForHierarchy(ILjava/awt/Conditional;Ljava/awt/Component;)V+11
j  java.awt.EventDispatchThread.pumpEvents(ILjava/awt/Conditional;)V+4
j  java.awt.EventDispatchThread.pumpEvents(Ljava/awt/Conditional;)V+3
j  java.awt.EventDispatchThread.run()V+9
v  ~StubRoutines::call_stub

---------------  P R O C E S S  ---------------

Java Threads: ( => current thread )
  0x0000000016998800 JavaThread "Timer-0" [_thread_blocked, id=648, stack(0x0000000019da0000,0x0000000019ea0000)]
  0x00000000168d1000 JavaThread "Image Fetcher 1" daemon [_thread_blocked, id=1844, stack(0x0000000017ed0000,0x0000000017fd0000)]
  0x0000000016852000 JavaThread "Image Fetcher 0" daemon [_thread_blocked, id=3792, stack(0x0000000017dd0000,0x0000000017ed0000)]
  0x000000001684c000 JavaThread "TimerQueue" daemon [_thread_blocked, id=940, stack(0x0000000017cd0000,0x0000000017dd0000)]
  0x0000000001bbd800 JavaThread "DestroyJavaVM" [_thread_blocked, id=960, stack(0x0000000001bc0000,0x0000000001cc0000)]
=>0x00000000167d0000 JavaThread "AWT-EventQueue-0" [_thread_in_native, id=3288, stack(0x00000000177d0000,0x00000000178d0000)]
  0x0000000016727800 JavaThread "AWT-Windows" daemon [_thread_in_native, id=732, stack(0x0000000017190000,0x0000000017290000)]
  0x0000000015fb9000 JavaThread "AWT-Shutdown" [_thread_blocked, id=2696, stack(0x0000000017090000,0x0000000017190000)]
  0x0000000015fb8800 JavaThread "Java2D Disposer" daemon [_thread_blocked, id=2472, stack(0x0000000016f90000,0x0000000017090000)]
  0x0000000015db8800 JavaThread "Service Thread" daemon [_thread_blocked, id=652, stack(0x0000000016190000,0x0000000016290000)]
  0x0000000014417000 JavaThread "C1 CompilerThread2" daemon [_thread_blocked, id=2676, stack(0x0000000015c90000,0x0000000015d90000)]
  0x00000000143c8800 JavaThread "C2 CompilerThread1" daemon [_thread_blocked, id=1672, stack(0x0000000015b90000,0x0000000015c90000)]
  0x00000000143c5000 JavaThread "C2 CompilerThread0" daemon [_thread_blocked, id=3664, stack(0x0000000015a90000,0x0000000015b90000)]
  0x0000000014414800 JavaThread "Attach Listener" daemon [_thread_blocked, id=3880, stack(0x0000000015990000,0x0000000015a90000)]
  0x00000000143b9000 JavaThread "Signal Dispatcher" daemon [_thread_blocked, id=2396, stack(0x0000000015890000,0x0000000015990000)]
  0x00000000143a9800 JavaThread "Finalizer" daemon [_thread_blocked, id=4028, stack(0x0000000015620000,0x0000000015720000)]
  0x0000000001df1000 JavaThread "Reference Handler" daemon [_thread_blocked, id=3044, stack(0x0000000015520000,0x0000000015620000)]

Other Threads:
  0x0000000014387800 VMThread [stack: 0x0000000015420000,0x0000000015520000] [id=2204]
  0x0000000015dbe800 WatcherThread [stack: 0x0000000016290000,0x0000000016390000] [id=2292]

VM state:not at safepoint (normal execution)

VM Mutex/Monitor currently owned by a thread: None

heap address: 0x00000000c1e00000, size: 994 MB, Compressed Oops mode: 32-bit
Narrow klass base: 0x0000000000000000, Narrow klass shift: 3
Compressed class space size: 1073741824 Address: 0x0000000100000000

Heap:
 PSYoungGen      total 18944K, used 4960K [0x00000000eb500000, 0x00000000eda00000, 0x0000000100000000)
  eden space 16384K, 14% used [0x00000000eb500000,0x00000000eb7600e0,0x00000000ec500000)
  from space 2560K, 98% used [0x00000000ed780000,0x00000000ed9f8050,0x00000000eda00000)
  to   space 2560K, 0% used [0x00000000ec500000,0x00000000ec500000,0x00000000ec780000)
 ParOldGen       total 44032K, used 3817K [0x00000000c1e00000, 0x00000000c4900000, 0x00000000eb500000)
  object space 44032K, 8% used [0x00000000c1e00000,0x00000000c21ba648,0x00000000c4900000)
 Metaspace       used 17695K, capacity 17955K, committed 18304K, reserved 1064960K
  class space    used 2240K, capacity 2338K, committed 2432K, reserved 1048576K

Card table byte_map: [0x00000000111c0000,0x00000000113c0000] byte_map_base: 0x0000000010bb1000

Marking Bits: (ParMarkBitMap*) 0x0000000069d45ce0
 Begin Bits: [0x0000000011910000, 0x0000000012898000)
 End Bits:   [0x0000000012898000, 0x0000000013820000)

Polling page: 0x0000000001b40000

CodeCache: size=245760Kb used=7027Kb max_used=7027Kb free=238732Kb
 bounds [0x0000000001e00000, 0x00000000024f0000, 0x0000000010e00000]
 total_blobs=2740 nmethods=2201 adapters=451
 compilation: enabled

Compilation events (10 events):
Event: 4.602 Thread 0x0000000014417000 2197       3       java.util.concurrent.ConcurrentHashMap$Node::<init> (26 bytes)
Event: 4.602 Thread 0x0000000014417000 nmethod 2197 0x00000000024e0c50 code [0x00000000024e0da0, 0x00000000024e0f90]
Event: 4.603 Thread 0x0000000014417000 2198       1       java.util.Arrays$ArrayList::size (6 bytes)
Event: 4.603 Thread 0x0000000014417000 nmethod 2198 0x00000000024e1050 code [0x00000000024e11a0, 0x00000000024e12b0]
Event: 4.603 Thread 0x0000000014417000 2199       1       java.util.Arrays$ArrayList::get (7 bytes)
Event: 4.603 Thread 0x0000000014417000 nmethod 2199 0x00000000024e1350 code [0x00000000024e14a0, 0x00000000024e15d0]
Event: 4.604 Thread 0x0000000014417000 2200       3       java.util.Objects::requireNonNull (15 bytes)
Event: 4.604 Thread 0x0000000014417000 nmethod 2200 0x00000000024e1690 code [0x00000000024e1800, 0x00000000024e1a28]
Event: 4.604 Thread 0x0000000014417000 2201       3       sun.misc.URLClassPath$JarLoader::findResource (18 bytes)
Event: 4.604 Thread 0x0000000014417000 nmethod 2201 0x00000000024e1b10 code [0x00000000024e1c80, 0x00000000024e1f18]

GC Heap History (4 events):
Event: 1.123 GC heap before
{Heap before GC invocations=1 (full 0):
 PSYoungGen      total 18944K, used 16380K [0x00000000eb500000, 0x00000000eca00000, 0x0000000100000000)
  eden space 16384K, 99% used [0x00000000eb500000,0x00000000ec4ff298,0x00000000ec500000)
  from space 2560K, 0% used [0x00000000ec780000,0x00000000ec780000,0x00000000eca00000)
  to   space 2560K, 0% used [0x00000000ec500000,0x00000000ec500000,0x00000000ec780000)
 ParOldGen       total 44032K, used 0K [0x00000000c1e00000, 0x00000000c4900000, 0x00000000eb500000)
  object space 44032K, 0% used [0x00000000c1e00000,0x00000000c1e00000,0x00000000c4900000)
 Metaspace       used 13480K, capacity 13751K, committed 13824K, reserved 1060864K
  class space    used 1712K, capacity 1792K, committed 1792K, reserved 1048576K
Event: 1.135 GC heap after
Heap after GC invocations=1 (full 0):
 PSYoungGen      total 18944K, used 2528K [0x00000000eb500000, 0x00000000eda00000, 0x0000000100000000)
  eden space 16384K, 0% used [0x00000000eb500000,0x00000000eb500000,0x00000000ec500000)
  from space 2560K, 98% used [0x00000000ec500000,0x00000000ec778050,0x00000000ec780000)
  to   space 2560K, 0% used [0x00000000ed780000,0x00000000ed780000,0x00000000eda00000)
 ParOldGen       total 44032K, used 2212K [0x00000000c1e00000, 0x00000000c4900000, 0x00000000eb500000)
  object space 44032K, 5% used [0x00000000c1e00000,0x00000000c20292e0,0x00000000c4900000)
 Metaspace       used 13480K, capacity 13751K, committed 13824K, reserved 1060864K
  class space    used 1712K, capacity 1792K, committed 1792K, reserved 1048576K
}
Event: 4.237 GC heap before
{Heap before GC invocations=2 (full 0):
 PSYoungGen      total 18944K, used 18912K [0x00000000eb500000, 0x00000000eda00000, 0x0000000100000000)
  eden space 16384K, 100% used [0x00000000eb500000,0x00000000ec500000,0x00000000ec500000)
  from space 2560K, 98% used [0x00000000ec500000,0x00000000ec778050,0x00000000ec780000)
  to   space 2560K, 0% used [0x00000000ed780000,0x00000000ed780000,0x00000000eda00000)
 ParOldGen       total 44032K, used 2212K [0x00000000c1e00000, 0x00000000c4900000, 0x00000000eb500000)
  object space 44032K, 5% used [0x00000000c1e00000,0x00000000c20292e0,0x00000000c4900000)
 Metaspace       used 17158K, capacity 17411K, committed 17792K, reserved 1064960K
  class space    used 2190K, capacity 2306K, committed 2432K, reserved 1048576K
Event: 4.243 GC heap after
Heap after GC invocations=2 (full 0):
 PSYoungGen      total 18944K, used 2528K [0x00000000eb500000, 0x00000000eda00000, 0x0000000100000000)
  eden space 16384K, 0% used [0x00000000eb500000,0x00000000eb500000,0x00000000ec500000)
  from space 2560K, 98% used [0x00000000ed780000,0x00000000ed9f8050,0x00000000eda00000)
  to   space 2560K, 0% used [0x00000000ec500000,0x00000000ec500000,0x00000000ec780000)
 ParOldGen       total 44032K, used 3817K [0x00000000c1e00000, 0x00000000c4900000, 0x00000000eb500000)
  object space 44032K, 8% used [0x00000000c1e00000,0x00000000c21ba648,0x00000000c4900000)
 Metaspace       used 17158K, capacity 17411K, committed 17792K, reserved 1064960K
  class space    used 2190K, capacity 2306K, committed 2432K, reserved 1048576K
}

Deoptimization events (10 events):
Event: 3.800 Thread 0x00000000167d0000 Uncommon trap: reason=unstable_if action=reinterpret pc=0x000000000239c028 method=sun.text.bidi.BidiLine.getRuns(Lsun/text/bidi/BidiBase;)V @ 13
Event: 3.800 Thread 0x00000000167d0000 Uncommon trap: reason=unstable_if action=reinterpret pc=0x00000000023c51a0 method=sun.text.bidi.BidiBase.getRunLimit(I)I @ 13
Event: 3.800 Thread 0x00000000167d0000 Uncommon trap: reason=unstable_if action=reinterpret pc=0x000000000249d89c method=sun.font.BidiUtils.createVisualToLogicalMap([B)[I @ 49
Event: 3.800 Thread 0x00000000167d0000 Uncommon trap: reason=unstable_if action=reinterpret pc=0x000000000248fec4 method=java.awt.font.TextLine.firstVisualChunk([I[BII)I @ 26
Event: 3.800 Thread 0x00000000167d0000 Uncommon trap: reason=unstable_if action=reinterpret pc=0x00000000023bd500 method=java.lang.Math.max(FF)F @ 11
Event: 3.800 Thread 0x00000000167d0000 Uncommon trap: reason=unstable_if action=reinterpret pc=0x000000000241d2d8 method=sun.font.GlyphLayout$GVData.createGlyphVector(Ljava/awt/Font;Ljava/awt/font/FontRenderContext;Lsun/font/StandardGlyphVector;)Lsun/font/StandardGlyphVector; @ 18
Event: 3.802 Thread 0x00000000167d0000 Uncommon trap: reason=unstable_if action=reinterpret pc=0x0000000002379f74 method=sun.font.BidiUtils.createVisualToLogicalMap([B)[I @ 49
Event: 4.589 Thread 0x0000000016727800 Uncommon trap: reason=unstable_if action=reinterpret pc=0x0000000002199ff0 method=sun.awt.SunToolkit.getAppContext(Ljava/lang/Object;)Lsun/awt/AppContext; @ 4
Event: 4.590 Thread 0x0000000016727800 Uncommon trap: reason=unstable_if action=reinterpret pc=0x0000000002087f64 method=sun.awt.SunToolkit.getAppContext(Ljava/lang/Object;)Lsun/awt/AppContext; @ 4
Event: 4.594 Thread 0x0000000016998800 Uncommon trap: reason=unstable_if action=reinterpret pc=0x00000000020f31d8 method=java.util.Calendar.getSetStateFields()I @ 19

Classes redefined (0 events):
No events

Internal exceptions (10 events):
Event: 0.046 Thread 0x0000000001bbd800 Exception <a 'java/lang/NoSuchMethodError': Method sun.misc.Unsafe.prefetchRead(Ljava/lang/Object;J)V name or signature does not match> (0x00000000eb507fa0) thrown at [C:\re\workspace\8-2-build-windows-amd64-cygwin\jdk8u221\13320\hotspot\src\share\vm\prim
Event: 0.253 Thread 0x0000000001bbd800 Exception <a 'java/security/PrivilegedActionException'> (0x00000000eb6eff68) thrown at [C:\re\workspace\8-2-build-windows-amd64-cygwin\jdk8u221\13320\hotspot\src\share\vm\prims\jvm.cpp, line 1502]
Event: 0.253 Thread 0x0000000001bbd800 Exception <a 'java/security/PrivilegedActionException'> (0x00000000eb6f0178) thrown at [C:\re\workspace\8-2-build-windows-amd64-cygwin\jdk8u221\13320\hotspot\src\share\vm\prims\jvm.cpp, line 1502]
Event: 0.254 Thread 0x0000000001bbd800 Exception <a 'java/security/PrivilegedActionException'> (0x00000000eb6f4088) thrown at [C:\re\workspace\8-2-build-windows-amd64-cygwin\jdk8u221\13320\hotspot\src\share\vm\prims\jvm.cpp, line 1502]
Event: 0.254 Thread 0x0000000001bbd800 Exception <a 'java/security/PrivilegedActionException'> (0x00000000eb6f4298) thrown at [C:\re\workspace\8-2-build-windows-amd64-cygwin\jdk8u221\13320\hotspot\src\share\vm\prims\jvm.cpp, line 1502]
Event: 0.258 Thread 0x0000000001bbd800 Exception <a 'java/io/FileNotFoundException'> (0x00000000eb6f63c8) thrown at [C:\re\workspace\8-2-build-windows-amd64-cygwin\jdk8u221\13320\hotspot\src\share\vm\prims\jni.cpp, line 710]
Event: 0.305 Thread 0x0000000001bbd800 Exception <a 'java/lang/NoSuchFieldError': method resolution failed> (0x00000000eb7c6b98) thrown at [C:\re\workspace\8-2-build-windows-amd64-cygwin\jdk8u221\13320\hotspot\src\share\vm\prims\methodHandles.cpp, line 1167]
Event: 0.307 Thread 0x0000000001bbd800 Exception <a 'java/lang/NoSuchFieldError': method resolution failed> (0x00000000eb7d3f48) thrown at [C:\re\workspace\8-2-build-windows-amd64-cygwin\jdk8u221\13320\hotspot\src\share\vm\prims\methodHandles.cpp, line 1167]
Event: 0.406 Thread 0x0000000001bbd800 Exception <a 'java/io/FileNotFoundException'> (0x00000000eb90b290) thrown at [C:\re\workspace\8-2-build-windows-amd64-cygwin\jdk8u221\13320\hotspot\src\share\vm\prims\jni.cpp, line 710]
Event: 3.411 Thread 0x00000000167d0000 Implicit null exception at 0x00000000024189e0 to 0x0000000002418d69

Events (10 events):
Event: 4.607 loading class java/time/Instant
Event: 4.607 loading class java/time/Instant done
Event: 4.607 loading class java/time/Period
Event: 4.607 loading class java/time/chrono/ChronoPeriod
Event: 4.607 loading class java/time/chrono/ChronoPeriod done
Event: 4.607 loading class java/time/Period done
Event: 4.801 loading class org/sqlite/SQLiteErrorCode
Event: 4.801 loading class org/sqlite/SQLiteErrorCode done
Event: 4.803 loading class java/sql/SQLWarning
Event: 4.803 loading class java/sql/SQLWarning done


Dynamic libraries:
0x00007ff7a3a30000 - 0x00007ff7a3a67000 	C:\Program Files\Java\jdk1.8.0_221\bin\java.exe
0x00007ff8a2780000 - 0x00007ff8a292a000 	C:\Windows\SYSTEM32\ntdll.dll
0x00007ff8a2580000 - 0x00007ff8a26ba000 	C:\Windows\system32\KERNEL32.DLL
0x00007ff89fbc0000 - 0x00007ff89fcd0000 	C:\Windows\system32\KERNELBASE.dll
0x00007ff89e720000 - 0x00007ff89e7a8000 	C:\Windows\system32\apphelp.dll
0x00007ff89b2d0000 - 0x00007ff89b31f000 	C:\Windows\AppPatch\AppPatch64\AcGenral.DLL
0x00007ff8a1970000 - 0x00007ff8a1a17000 	C:\Windows\system32\msvcrt.dll
0x00007ff89f830000 - 0x00007ff89f85b000 	C:\Windows\SYSTEM32\SspiCli.dll
0x00007ff8a1770000 - 0x00007ff8a17c1000 	C:\Windows\system32\SHLWAPI.dll
0x00007ff8a2110000 - 0x00007ff8a2281000 	C:\Windows\system32\USER32.dll
0x00007ff8a1d90000 - 0x00007ff8a1f08000 	C:\Windows\system32\ole32.dll
0x00007ff8a01d0000 - 0x00007ff8a15e7000 	C:\Windows\system32\SHELL32.dll
0x00007ff89f180000 - 0x00007ff89f19f000 	C:\Windows\SYSTEM32\USERENV.dll
0x00007ff8a1f10000 - 0x00007ff8a1fb5000 	C:\Windows\system32\ADVAPI32.dll
0x00007ff898740000 - 0x00007ff89875b000 	C:\Windows\SYSTEM32\MPR.dll
0x00007ff8a1fc0000 - 0x00007ff8a20f6000 	C:\Windows\system32\RPCRT4.dll
0x00007ff8a1710000 - 0x00007ff8a1767000 	C:\Windows\SYSTEM32\sechost.dll
0x00007ff8a23a0000 - 0x00007ff8a2576000 	C:\Windows\SYSTEM32\combase.dll
0x00007ff8a1c40000 - 0x00007ff8a1d85000 	C:\Windows\system32\GDI32.dll
0x00007ff89faf0000 - 0x00007ff89fb04000 	C:\Windows\SYSTEM32\profapi.dll
0x00007ff89e150000 - 0x00007ff89e1ef000 	C:\Windows\SYSTEM32\SHCORE.dll
0x00007ff8a1c00000 - 0x00007ff8a1c34000 	C:\Windows\system32\IMM32.DLL
0x00007ff8a1830000 - 0x00007ff8a1969000 	C:\Windows\system32\MSCTF.dll
0x00007ff89d950000 - 0x00007ff89dbaa000 	C:\Windows\WinSxS\amd64_microsoft.windows.common-controls_6595b64144ccf1df_6.0.9600.17031_none_6242a4b3ecbb55a1\COMCTL32.dll
0x0000000069440000 - 0x0000000069512000 	C:\Program Files\Java\jdk1.8.0_221\jre\bin\msvcr100.dll
0x0000000069520000 - 0x0000000069dc5000 	C:\Program Files\Java\jdk1.8.0_221\jre\bin\server\jvm.dll
0x00007ff89bea0000 - 0x00007ff89bea9000 	C:\Windows\SYSTEM32\WSOCK32.dll
0x00007ff89bec0000 - 0x00007ff89bedf000 	C:\Windows\SYSTEM32\WINMM.dll
0x00007ff898fe0000 - 0x00007ff898fea000 	C:\Windows\SYSTEM32\VERSION.dll
0x00007ff8a1650000 - 0x00007ff8a1657000 	C:\Windows\system32\PSAPI.DLL
0x00007ff8a15f0000 - 0x00007ff8a1648000 	C:\Windows\system32\WS2_32.dll
0x00007ff89b950000 - 0x00007ff89b97a000 	C:\Windows\SYSTEM32\WINMMBASE.dll
0x00007ff8a0000000 - 0x00007ff8a0009000 	C:\Windows\system32\NSI.dll
0x00007ff89fd80000 - 0x00007ff89fdca000 	C:\Windows\SYSTEM32\cfgmgr32.dll
0x00007ff89e9a0000 - 0x00007ff89e9c6000 	C:\Windows\SYSTEM32\DEVOBJ.dll
0x00007ff898ed0000 - 0x00007ff898edf000 	C:\Program Files\Java\jdk1.8.0_221\jre\bin\verify.dll
0x00007ff893300000 - 0x00007ff893329000 	C:\Program Files\Java\jdk1.8.0_221\jre\bin\java.dll
0x00007ff897f80000 - 0x00007ff897f96000 	C:\Program Files\Java\jdk1.8.0_221\jre\bin\zip.dll
0x00007ff88f500000 - 0x00007ff88f699000 	C:\Program Files\Java\jdk1.8.0_221\jre\bin\awt.dll
0x00007ff8a26c0000 - 0x00007ff8a2777000 	C:\Windows\system32\OLEAUT32.dll
0x00007ff89e840000 - 0x00007ff89e961000 	C:\Windows\system32\uxtheme.dll
0x00007ff89dbb0000 - 0x00007ff89dbd0000 	C:\Windows\system32\dwmapi.dll
0x00007ff89e970000 - 0x00007ff89e97a000 	C:\Windows\SYSTEM32\kernel.appcore.dll
0x00007ff89fa30000 - 0x00007ff89fa3a000 	C:\Windows\SYSTEM32\CRYPTBASE.dll
0x00007ff89f9d0000 - 0x00007ff89fa30000 	C:\Windows\SYSTEM32\bcryptPrimitives.dll
0x00007ff897930000 - 0x00007ff897a51000 	C:\Windows\system32\opengl32.dll
0x00007ff89aff0000 - 0x00007ff89b01c000 	C:\Windows\SYSTEM32\GLU32.dll
0x00007ff8972d0000 - 0x00007ff8973c4000 	C:\Windows\SYSTEM32\DDRAW.dll
0x00007ff89b940000 - 0x00007ff89b949000 	C:\Windows\SYSTEM32\DCIMAN32.dll
0x00007ff893040000 - 0x00007ff893089000 	C:\Program Files\Java\jdk1.8.0_221\jre\bin\fontmanager.dll
0x00007ff8934b0000 - 0x00007ff8934ca000 	C:\Program Files\Java\jdk1.8.0_221\jre\bin\net.dll
0x00007ff899ad0000 - 0x00007ff899c30000 	C:\Windows\SYSTEM32\urlmon.dll
0x00007ff899820000 - 0x00007ff899ac9000 	C:\Windows\SYSTEM32\iertutil.dll
0x00007ff8995f0000 - 0x00007ff899820000 	C:\Windows\SYSTEM32\WININET.dll
0x00007ff89f420000 - 0x00007ff89f478000 	C:\Windows\system32\mswsock.dll
0x00007ff893090000 - 0x00007ff8930a2000 	C:\Program Files\Java\jdk1.8.0_221\jre\bin\nio.dll
0x00007ff890fe0000 - 0x00007ff891022000 	C:\Program Files\Java\jdk1.8.0_221\jre\bin\t2k.dll
0x00007ff8a22f0000 - 0x00007ff8a2394000 	C:\Windows\SYSTEM32\clbcatq.dll
0x00007ff89b100000 - 0x00007ff89b293000 	C:\Windows\SYSTEM32\WindowsCodecs.dll
0x00007ff89f480000 - 0x00007ff89f49e000 	C:\Windows\SYSTEM32\CRYPTSP.dll
0x00007ff89f070000 - 0x00007ff89f0a5000 	C:\Windows\system32\rsaenh.dll
0x00007ff89f6b0000 - 0x00007ff89f6d6000 	C:\Windows\SYSTEM32\bcrypt.dll
0x00007ff89ac70000 - 0x00007ff89ac99000 	C:\Windows\SYSTEM32\IPHLPAPI.DLL
0x00007ff89ac50000 - 0x00007ff89ac5a000 	C:\Windows\SYSTEM32\WINNSI.DLL
0x00007ff89a8b0000 - 0x00007ff89a8c4000 	C:\Windows\SYSTEM32\dhcpcsvc6.DLL
0x00007ff89a890000 - 0x00007ff89a8a9000 	C:\Windows\SYSTEM32\dhcpcsvc.DLL
0x000000006d580000 - 0x000000006d63d000 	C:\Users\user\AppData\Local\Temp\sqlite-3.8.11.2-a459633b-479f-4fd9-ac1b-62d3e924cfa6-sqlitejdbc.dll
0x00007ff883df0000 - 0x00007ff883f78000 	C:\Windows\SYSTEM32\dbghelp.dll

VM Arguments:
jvm_args: -Dfile.encoding=UTF-8 
java_command: privite.school.school
java_class_path (initial): C:\Users\user\Documents\jcalendar-1.3.2.jar;C:\Users\user\Downloads\sqlite-jdbc-3.8.11.2.jar;C:\Users\user\Downloads\rs2xml.jar;C:\Program Files\NetBeans 8.2\java\modules\ext\AbsoluteLayout.jar;C:\Users\user\Documents\NetBeansProjects\privite school\build\classes
Launcher Type: SUN_STANDARD

Environment Variables:
JAVA_HOME=C:\Program Files\Java\jdk1.8.0_221
PATH=C:\Windows\system32;C:\Windows;C:\Windows\System32\Wbem;C:\Windows\System32\WindowsPowerShell\v1.0;C:\Program Files\Java\jdk1.8.0_221\bin;C:\Program Files\Android\Android Studio\gradle\gradle-5.1.1\bin
USERNAME=user
OS=Windows_NT
PROCESSOR_IDENTIFIER=Intel64 Family 6 Model 69 Stepping 1, GenuineIntel



---------------  S Y S T E M  ---------------

OS: Windows 8.1 , 64 bit Build 9600 (6.3.9600.17031)

CPU:total 4 (initial active 4) (2 cores per cpu, 2 threads per core) family 6 model 69 stepping 1, cmov, cx8, fxsr, mmx, sse, sse2, sse3, ssse3, sse4.1, sse4.2, popcnt, avx, avx2, aes, clmul, erms, lzcnt, ht, tsc, tscinvbit, bmi1, bmi2

Memory: 4k page, physical 4063344k(1891800k free), swap 22495344k(20220592k free)

vm_info: Java HotSpot(TM) 64-Bit Server VM (25.221-b11) for windows-amd64 JRE (1.8.0_221-b11), built on Jul  4 2019 04:39:29 by "java_re" with MS VC++ 10.0 (VS2010)

time: Mon Mar 30 16:09:19 2020
timezone: W. Central Africa Standard Time
elapsed time: 4 seconds (0d 0h 0m 4s)

