#
# A fatal error has been detected by the Java Runtime Environment:
#
#  EXCEPTION_ACCESS_VIOLATION (0xc0000005) at pc=0x000000006d5dd977, pid=1716, tid=0x0000000000000130
#
# JRE version: Java(TM) SE Runtime Environment (8.0_221-b11) (build 1.8.0_221-b11)
# Java VM: Java HotSpot(TM) 64-Bit Server VM (25.221-b11 mixed mode windows-amd64 compressed oops)
# Problematic frame:
# C  [sqlite-3.8.11.2-633db4da-92f8-4ba0-8646-fd218a84736c-sqlitejdbc.dll+0x5d977]
#
# Failed to write core dump. Minidumps are not enabled by default on client versions of Windows
#
# If you would like to submit a bug report, please visit:
#   http://bugreport.java.com/bugreport/crash.jsp
# The crash happened outside the Java Virtual Machine in native code.
# See problematic frame for where to report the bug.
#

---------------  T H R E A D  ---------------

Current thread (0x0000000016a3d800):  JavaThread "AWT-EventQueue-0" [_thread_in_native, id=304, stack(0x0000000017ae0000,0x0000000017be0000)]

siginfo: ExceptionCode=0xc0000005, reading address 0x0000000000000018

Registers:
RAX=0x0000000000000000, RBX=0x000000001a0cdc38, RCX=0x000000001a0cdc38, RDX=0x0000000017bddbb8
RSP=0x0000000017bddab0, RBP=0x0000000017bddb88, RSI=0x0000000000000000, RDI=0x0000000000000001
R8 =0x000000001a0cdc38, R9 =0x000000001637be00, R10=0x00000000021197af, R11=0x000000006896ce30
R12=0x0000000000000000, R13=0x0000000019636590, R14=0x0000000017bddbb8, R15=0x0000000016a3d800
RIP=0x000000006d5dd977, EFLAGS=0x0000000000010202

Top of Stack: (sp=0x0000000017bddab0)
0x0000000017bddab0:   0000000016381568 0000000016a3d800
0x0000000017bddac0:   0000000000000002 00000000c1ec8210
0x0000000017bddad0:   000000001637e250 00000000687f7e81
0x0000000017bddae0:   0000000017bde1a8 0000000019636590
0x0000000017bddaf0:   0000000000000002 00000000021197db
0x0000000017bddb00:   0000000000000001 0000000002119550
0x0000000017bddb10:   0000000016a3d800 0000000019636590
0x0000000017bddb20:   00000000fffffffe 00000000ec26e990
0x0000000017bddb30:   000000000211950a 0000000000000003
0x0000000017bddb40:   00000000ec1f38e0 0000000017bddb38
0x0000000017bddb50:   0000000019636590 0000000017bddbb8
0x0000000017bddb60:   00000000196872a0 0000000000000000
0x0000000017bddb70:   0000000019636590 0000000000000000
0x0000000017bddb80:   0000000017bddba8 0000000017bddc00
0x0000000017bddb90:   0000000002107da0 0000000000000000
0x0000000017bddba0:   00000000021121d6 000000001a0cdc38 

Instructions: (pc=0x000000006d5dd977)
0x000000006d5dd957:   5f c3 0f 1f 80 00 00 00 00 56 53 48 83 ec 38 31
0x000000006d5dd967:   c0 48 85 c9 48 89 cb 0f 84 aa 00 00 00 48 8b 31
0x000000006d5dd977:   48 8b 4e 18 48 85 c9 74 06 ff 15 62 a9 03 00 48
0x000000006d5dd987:   83 bb b8 00 00 00 00 7e 16 48 8d 93 b8 00 00 00 


Register to memory mapping:

RAX=0x0000000000000000 is an unknown value
RBX=0x000000001a0cdc38 is an unknown value
RCX=0x000000001a0cdc38 is an unknown value
RDX=0x0000000017bddbb8 is pointing into the stack for thread: 0x0000000016a3d800
RSP=0x0000000017bddab0 is pointing into the stack for thread: 0x0000000016a3d800
RBP=0x0000000017bddb88 is pointing into the stack for thread: 0x0000000016a3d800
RSI=0x0000000000000000 is an unknown value
RDI=0x0000000000000001 is an unknown value
R8 =0x000000001a0cdc38 is an unknown value
R9 =0x000000001637be00 is an unknown value
R10=0x00000000021197af is at code_begin+1295 in an Interpreter codelet
method entry point (kind = native_synchronized)  [0x00000000021192a0, 0x0000000002119e00]  2912 bytes
R11=0x000000006896ce30 is an unknown value
R12=0x0000000000000000 is an unknown value
R13={method} {0x0000000019636598} 'reset' '(J)I' in 'org/sqlite/core/NativeDB'
R14=0x0000000017bddbb8 is pointing into the stack for thread: 0x0000000016a3d800
R15=0x0000000016a3d800 is a thread


Stack: [0x0000000017ae0000,0x0000000017be0000],  sp=0x0000000017bddab0,  free space=1014k
Native frames: (J=compiled Java code, j=interpreted, Vv=VM code, C=native code)
C  [sqlite-3.8.11.2-633db4da-92f8-4ba0-8646-fd218a84736c-sqlitejdbc.dll+0x5d977]
C  0x00000000021197db

Java frames: (J=compiled Java code, j=interpreted, Vv=VM code)
j  org.sqlite.core.NativeDB.reset(J)I+0
j  org.sqlite.core.CoreResultSet.close()V+81
j  privite.school.school.update_combo(Ljava/lang/String;Ljavax/swing/JComboBox;)V+89
j  privite.school.school.<init>()V+2450
j  privite.school.school.lambda$main$21()V+4
j  privite.school.school$$Lambda$15.run()V+0
j  java.awt.event.InvocationEvent.dispatch()V+47
j  java.awt.EventQueue.dispatchEventImpl(Ljava/awt/AWTEvent;Ljava/lang/Object;)V+21
j  java.awt.EventQueue.access$500(Ljava/awt/EventQueue;Ljava/awt/AWTEvent;Ljava/lang/Object;)V+3
j  java.awt.EventQueue$3.run()Ljava/lang/Void;+32
j  java.awt.EventQueue$3.run()Ljava/lang/Object;+1
v  ~StubRoutines::call_stub
j  java.security.AccessController.doPrivileged(Ljava/security/PrivilegedAction;Ljava/security/AccessControlContext;)Ljava/lang/Object;+0
j  java.security.ProtectionDomain$JavaSecurityAccessImpl.doIntersectionPrivilege(Ljava/security/PrivilegedAction;Ljava/security/AccessControlContext;Ljava/security/AccessControlContext;)Ljava/lang/Object;+18
j  java.awt.EventQueue.dispatchEvent(Ljava/awt/AWTEvent;)V+46
j  java.awt.EventDispatchThread.pumpOneEventForFilters(I)V+140
j  java.awt.EventDispatchThread.pumpEventsForFilter(ILjava/awt/Conditional;Ljava/awt/EventFilter;)V+35
j  java.awt.EventDispatchThread.pumpEventsForHierarchy(ILjava/awt/Conditional;Ljava/awt/Component;)V+11
j  java.awt.EventDispatchThread.pumpEvents(ILjava/awt/Conditional;)V+4
j  java.awt.EventDispatchThread.pumpEvents(Ljava/awt/Conditional;)V+3
j  java.awt.EventDispatchThread.run()V+9
v  ~StubRoutines::call_stub

---------------  P R O C E S S  ---------------

Java Threads: ( => current thread )
  0x0000000018685000 JavaThread "Timer-0" [_thread_blocked, id=3392, stack(0x000000001a150000,0x000000001a250000)]
  0x0000000016c3e000 JavaThread "Image Fetcher 3" daemon [_thread_blocked, id=3920, stack(0x00000000183e0000,0x00000000184e0000)]
  0x0000000016c49000 JavaThread "Image Fetcher 2" daemon [_thread_blocked, id=1692, stack(0x00000000182e0000,0x00000000183e0000)]
  0x0000000016b39800 JavaThread "Image Fetcher 1" daemon [_thread_blocked, id=2664, stack(0x00000000181e0000,0x00000000182e0000)]
  0x0000000016ae8800 JavaThread "Image Fetcher 0" daemon [_thread_blocked, id=4044, stack(0x00000000180e0000,0x00000000181e0000)]
  0x0000000016ad9000 JavaThread "TimerQueue" daemon [_thread_blocked, id=2276, stack(0x0000000017fe0000,0x00000000180e0000)]
  0x00000000020fd800 JavaThread "DestroyJavaVM" [_thread_blocked, id=3288, stack(0x0000000000730000,0x0000000000830000)]
=>0x0000000016a3d800 JavaThread "AWT-EventQueue-0" [_thread_in_native, id=304, stack(0x0000000017ae0000,0x0000000017be0000)]
  0x000000001637d800 JavaThread "AWT-Windows" daemon [_thread_in_native, id=668, stack(0x0000000017490000,0x0000000017590000)]
  0x000000001637b000 JavaThread "AWT-Shutdown" [_thread_blocked, id=1216, stack(0x0000000017390000,0x0000000017490000)]
  0x000000001637a000 JavaThread "Java2D Disposer" daemon [_thread_blocked, id=3296, stack(0x0000000017290000,0x0000000017390000)]
  0x0000000016104000 JavaThread "Service Thread" daemon [_thread_blocked, id=688, stack(0x0000000016490000,0x0000000016590000)]
  0x00000000146d0800 JavaThread "C1 CompilerThread2" daemon [_thread_blocked, id=2900, stack(0x0000000015f90000,0x0000000016090000)]
  0x00000000146ca000 JavaThread "C2 CompilerThread1" daemon [_thread_blocked, id=1148, stack(0x0000000015e90000,0x0000000015f90000)]
  0x00000000146c6000 JavaThread "C2 CompilerThread0" daemon [_thread_blocked, id=3776, stack(0x0000000015d90000,0x0000000015e90000)]
  0x0000000014715800 JavaThread "Attach Listener" daemon [_thread_blocked, id=3784, stack(0x0000000015c90000,0x0000000015d90000)]
  0x00000000146ba000 JavaThread "Signal Dispatcher" daemon [_thread_blocked, id=3480, stack(0x0000000015b90000,0x0000000015c90000)]
  0x000000000207c000 JavaThread "Finalizer" daemon [_thread_blocked, id=1276, stack(0x0000000015920000,0x0000000015a20000)]
  0x0000000002073000 JavaThread "Reference Handler" daemon [_thread_blocked, id=3972, stack(0x0000000015820000,0x0000000015920000)]

Other Threads:
  0x0000000014687000 VMThread [stack: 0x0000000015720000,0x0000000015820000] [id=3332]
  0x0000000016169800 WatcherThread [stack: 0x0000000016590000,0x0000000016690000] [id=3684]

VM state:not at safepoint (normal execution)

VM Mutex/Monitor currently owned by a thread: None

heap address: 0x00000000c1e00000, size: 994 MB, Compressed Oops mode: 32-bit
Narrow klass base: 0x0000000000000000, Narrow klass shift: 3
Compressed class space size: 1073741824 Address: 0x0000000100000000

Heap:
 PSYoungGen      total 18944K, used 16484K [0x00000000eb500000, 0x00000000eda00000, 0x0000000100000000)
  eden space 16384K, 84% used [0x00000000eb500000,0x00000000ec299850,0x00000000ec500000)
  from space 2560K, 99% used [0x00000000ec500000,0x00000000ec77fb28,0x00000000ec780000)
  to   space 2560K, 0% used [0x00000000ed780000,0x00000000ed780000,0x00000000eda00000)
 ParOldGen       total 44032K, used 2256K [0x00000000c1e00000, 0x00000000c4900000, 0x00000000eb500000)
  object space 44032K, 5% used [0x00000000c1e00000,0x00000000c2034000,0x00000000c4900000)
 Metaspace       used 17157K, capacity 17411K, committed 17792K, reserved 1064960K
  class space    used 2192K, capacity 2306K, committed 2432K, reserved 1048576K

Card table byte_map: [0x00000000114c0000,0x00000000116c0000] byte_map_base: 0x0000000010eb1000

Marking Bits: (ParMarkBitMap*) 0x0000000068f65ce0
 Begin Bits: [0x0000000011c10000, 0x0000000012b98000)
 End Bits:   [0x0000000012b98000, 0x0000000013b20000)

Polling page: 0x0000000000830000

CodeCache: size=245760Kb used=6721Kb max_used=6721Kb free=239038Kb
 bounds [0x0000000002100000, 0x00000000027a0000, 0x0000000011100000]
 total_blobs=2617 nmethods=2090 adapters=437
 compilation: enabled

Compilation events (10 events):
Event: 3.241 Thread 0x00000000146d0800 nmethod 2079 0x000000000278a910 code [0x000000000278aac0, 0x000000000278b208]
Event: 3.241 Thread 0x00000000146d0800 2080       3       java.util.HashMap::isEmpty (13 bytes)
Event: 3.241 Thread 0x00000000146d0800 nmethod 2080 0x00000000027852d0 code [0x0000000002785420, 0x00000000027855d0]
Event: 3.241 Thread 0x00000000146d0800 2087       3       javax.swing.plaf.basic.BasicListUI$Handler::propertyChange (576 bytes)
Event: 3.244 Thread 0x00000000146d0800 nmethod 2087 0x000000000278b610 code [0x000000000278bdc0, 0x0000000002790888]
Event: 3.244 Thread 0x00000000146d0800 2090       3       javax.swing.UIDefaults::put (38 bytes)
Event: 3.245 Thread 0x00000000146d0800 nmethod 2090 0x00000000027939d0 code [0x0000000002793b80, 0x00000000027941c8]
Event: 3.245 Thread 0x00000000146d0800 2088       3       javax.swing.table.DefaultTableCellRenderer::firePropertyChange (1 bytes)
Event: 3.245 Thread 0x00000000146d0800 nmethod 2088 0x0000000002794350 code [0x00000000027944a0, 0x00000000027945f0]
Event: 3.245 Thread 0x00000000146d0800 2089       3       sun.swing.DefaultLookup::getBorder (8 bytes)

GC Heap History (2 events):
Event: 1.032 GC heap before
{Heap before GC invocations=1 (full 0):
 PSYoungGen      total 18944K, used 16360K [0x00000000eb500000, 0x00000000eca00000, 0x0000000100000000)
  eden space 16384K, 99% used [0x00000000eb500000,0x00000000ec4fa370,0x00000000ec500000)
  from space 2560K, 0% used [0x00000000ec780000,0x00000000ec780000,0x00000000eca00000)
  to   space 2560K, 0% used [0x00000000ec500000,0x00000000ec500000,0x00000000ec780000)
 ParOldGen       total 44032K, used 0K [0x00000000c1e00000, 0x00000000c4900000, 0x00000000eb500000)
  object space 44032K, 0% used [0x00000000c1e00000,0x00000000c1e00000,0x00000000c4900000)
 Metaspace       used 13475K, capacity 13751K, committed 13824K, reserved 1060864K
  class space    used 1713K, capacity 1792K, committed 1792K, reserved 1048576K
Event: 1.044 GC heap after
Heap after GC invocations=1 (full 0):
 PSYoungGen      total 18944K, used 2558K [0x00000000eb500000, 0x00000000eda00000, 0x0000000100000000)
  eden space 16384K, 0% used [0x00000000eb500000,0x00000000eb500000,0x00000000ec500000)
  from space 2560K, 99% used [0x00000000ec500000,0x00000000ec77fb28,0x00000000ec780000)
  to   space 2560K, 0% used [0x00000000ed780000,0x00000000ed780000,0x00000000eda00000)
 ParOldGen       total 44032K, used 2256K [0x00000000c1e00000, 0x00000000c4900000, 0x00000000eb500000)
  object space 44032K, 5% used [0x00000000c1e00000,0x00000000c2034000,0x00000000c4900000)
 Metaspace       used 13475K, capacity 13751K, committed 13824K, reserved 1060864K
  class space    used 1713K, capacity 1792K, committed 1792K, reserved 1048576K
}

Deoptimization events (10 events):
Event: 2.936 Thread 0x0000000016a3d800 Uncommon trap: reason=unstable_if action=reinterpret pc=0x000000000256da8c method=java.util.ArrayList.indexOf(Ljava/lang/Object;)I @ 41
Event: 2.993 Thread 0x0000000016a3d800 Uncommon trap: reason=unstable_if action=reinterpret pc=0x00000000024b7a3c method=java.lang.String.indexOf([CII[CIII)I @ 3
Event: 2.995 Thread 0x0000000016a3d800 Uncommon trap: reason=bimorphic action=maybe_recompile pc=0x00000000023074c8 method=java.util.HashMap.getNode(ILjava/lang/Object;)Ljava/util/HashMap$Node; @ 126
Event: 2.995 Thread 0x0000000016a3d800 Uncommon trap: reason=bimorphic action=maybe_recompile pc=0x00000000023074c8 method=java.util.HashMap.getNode(ILjava/lang/Object;)Ljava/util/HashMap$Node; @ 126
Event: 2.996 Thread 0x0000000016a3d800 Uncommon trap: reason=bimorphic action=maybe_recompile pc=0x00000000023074c8 method=java.util.HashMap.getNode(ILjava/lang/Object;)Ljava/util/HashMap$Node; @ 126
Event: 2.996 Thread 0x0000000016a3d800 Uncommon trap: reason=bimorphic action=maybe_recompile pc=0x00000000023074c8 method=java.util.HashMap.getNode(ILjava/lang/Object;)Ljava/util/HashMap$Node; @ 126
Event: 2.997 Thread 0x0000000016a3d800 Uncommon trap: reason=class_check action=maybe_recompile pc=0x00000000024b6d98 method=java.util.HashMap.putVal(ILjava/lang/Object;Ljava/lang/Object;ZZ)Ljava/lang/Object; @ 253
Event: 2.997 Thread 0x0000000016a3d800 Uncommon trap: reason=class_check action=maybe_recompile pc=0x00000000024b6d98 method=java.util.HashMap.putVal(ILjava/lang/Object;Ljava/lang/Object;ZZ)Ljava/lang/Object; @ 253
Event: 2.997 Thread 0x0000000016a3d800 Uncommon trap: reason=class_check action=maybe_recompile pc=0x00000000024a7c98 method=java.util.HashMap.putVal(ILjava/lang/Object;Ljava/lang/Object;ZZ)Ljava/lang/Object; @ 253
Event: 3.188 Thread 0x0000000016a3d800 Uncommon trap: reason=unstable_if action=reinterpret pc=0x00000000027810c4 method=org.sqlite.SQLiteJDBCLoader.contentsEquals(Ljava/io/InputStream;Ljava/io/InputStream;)Z @ 39

Classes redefined (0 events):
No events

Internal exceptions (10 events):
Event: 0.031 Thread 0x00000000020fd800 Exception <a 'java/lang/NoSuchMethodError': Method sun.misc.Unsafe.defineClass(Ljava/lang/String;[BII)Ljava/lang/Class; name or signature does not match> (0x00000000eb507cb8) thrown at [C:\re\workspace\8-2-build-windows-amd64-cygwin\jdk8u221\13320\hotspot
Event: 0.031 Thread 0x00000000020fd800 Exception <a 'java/lang/NoSuchMethodError': Method sun.misc.Unsafe.prefetchRead(Ljava/lang/Object;J)V name or signature does not match> (0x00000000eb507fa0) thrown at [C:\re\workspace\8-2-build-windows-amd64-cygwin\jdk8u221\13320\hotspot\src\share\vm\prim
Event: 0.210 Thread 0x00000000020fd800 Exception <a 'java/security/PrivilegedActionException'> (0x00000000eb6ea350) thrown at [C:\re\workspace\8-2-build-windows-amd64-cygwin\jdk8u221\13320\hotspot\src\share\vm\prims\jvm.cpp, line 1502]
Event: 0.210 Thread 0x00000000020fd800 Exception <a 'java/security/PrivilegedActionException'> (0x00000000eb6ea560) thrown at [C:\re\workspace\8-2-build-windows-amd64-cygwin\jdk8u221\13320\hotspot\src\share\vm\prims\jvm.cpp, line 1502]
Event: 0.211 Thread 0x00000000020fd800 Exception <a 'java/security/PrivilegedActionException'> (0x00000000eb6ee470) thrown at [C:\re\workspace\8-2-build-windows-amd64-cygwin\jdk8u221\13320\hotspot\src\share\vm\prims\jvm.cpp, line 1502]
Event: 0.211 Thread 0x00000000020fd800 Exception <a 'java/security/PrivilegedActionException'> (0x00000000eb6ee680) thrown at [C:\re\workspace\8-2-build-windows-amd64-cygwin\jdk8u221\13320\hotspot\src\share\vm\prims\jvm.cpp, line 1502]
Event: 0.214 Thread 0x00000000020fd800 Exception <a 'java/io/FileNotFoundException'> (0x00000000eb6f07b0) thrown at [C:\re\workspace\8-2-build-windows-amd64-cygwin\jdk8u221\13320\hotspot\src\share\vm\prims\jni.cpp, line 710]
Event: 0.251 Thread 0x00000000020fd800 Exception <a 'java/lang/NoSuchFieldError': method resolution failed> (0x00000000eb7c1050) thrown at [C:\re\workspace\8-2-build-windows-amd64-cygwin\jdk8u221\13320\hotspot\src\share\vm\prims\methodHandles.cpp, line 1167]
Event: 0.253 Thread 0x00000000020fd800 Exception <a 'java/lang/NoSuchFieldError': method resolution failed> (0x00000000eb7ce3c0) thrown at [C:\re\workspace\8-2-build-windows-amd64-cygwin\jdk8u221\13320\hotspot\src\share\vm\prims\methodHandles.cpp, line 1167]
Event: 0.316 Thread 0x00000000020fd800 Exception <a 'java/io/FileNotFoundException'> (0x00000000eb9056e8) thrown at [C:\re\workspace\8-2-build-windows-amd64-cygwin\jdk8u221\13320\hotspot\src\share\vm\prims\jni.cpp, line 710]

Events (10 events):
Event: 3.241 loading class privite/school/school$2 done
Event: 3.243 loading class java/util/Timer
Event: 3.243 loading class java/util/Timer done
Event: 3.244 loading class java/util/TaskQueue
Event: 3.244 loading class java/util/TaskQueue done
Event: 3.244 loading class java/util/TimerThread
Event: 3.244 loading class java/util/TimerThread done
Event: 3.244 loading class java/util/Timer$1
Event: 3.244 loading class java/util/Timer$1 done
Event: 3.244 Thread 0x0000000018685000 Thread added: 0x0000000018685000


Dynamic libraries:
0x00007ff644070000 - 0x00007ff6440a7000 	C:\Program Files\Java\jdk1.8.0_221\bin\java.exe
0x00007ffffaf50000 - 0x00007ffffb0fa000 	C:\Windows\SYSTEM32\ntdll.dll
0x00007ffff89c0000 - 0x00007ffff8afa000 	C:\Windows\system32\KERNEL32.DLL
0x00007ffff84e0000 - 0x00007ffff85f0000 	C:\Windows\system32\KERNELBASE.dll
0x00007ffff6f00000 - 0x00007ffff6f88000 	C:\Windows\system32\apphelp.dll
0x00007ffff0fc0000 - 0x00007ffff100f000 	C:\Windows\AppPatch\AppPatch64\AcGenral.DLL
0x00007ffff94e0000 - 0x00007ffff9587000 	C:\Windows\system32\msvcrt.dll
0x00007ffff8160000 - 0x00007ffff818b000 	C:\Windows\SYSTEM32\SspiCli.dll
0x00007ffffad90000 - 0x00007ffffade1000 	C:\Windows\system32\SHLWAPI.dll
0x00007ffff95f0000 - 0x00007ffff9761000 	C:\Windows\system32\USER32.dll
0x00007ffff9770000 - 0x00007ffff98e8000 	C:\Windows\system32\ole32.dll
0x00007ffff98f0000 - 0x00007ffffad07000 	C:\Windows\system32\SHELL32.dll
0x00007ffff7950000 - 0x00007ffff796f000 	C:\Windows\SYSTEM32\USERENV.dll
0x00007ffff8de0000 - 0x00007ffff8e85000 	C:\Windows\system32\ADVAPI32.dll
0x00007ffff0f10000 - 0x00007ffff0f2b000 	C:\Windows\SYSTEM32\MPR.dll
0x00007ffff9110000 - 0x00007ffff9246000 	C:\Windows\system32\RPCRT4.dll
0x00007ffff8f90000 - 0x00007ffff8fe7000 	C:\Windows\SYSTEM32\sechost.dll
0x00007ffff9250000 - 0x00007ffff9426000 	C:\Windows\SYSTEM32\combase.dll
0x00007ffffae00000 - 0x00007ffffaf45000 	C:\Windows\system32\GDI32.dll
0x00007ffff82c0000 - 0x00007ffff82d4000 	C:\Windows\SYSTEM32\profapi.dll
0x00007ffff6920000 - 0x00007ffff69bf000 	C:\Windows\SYSTEM32\SHCORE.dll
0x00007ffff8f50000 - 0x00007ffff8f84000 	C:\Windows\system32\IMM32.DLL
0x00007ffff8ca0000 - 0x00007ffff8dd9000 	C:\Windows\system32\MSCTF.dll
0x00007ffff54f0000 - 0x00007ffff574a000 	C:\Windows\WinSxS\amd64_microsoft.windows.common-controls_6595b64144ccf1df_6.0.9600.17031_none_6242a4b3ecbb55a1\COMCTL32.dll
0x0000000068660000 - 0x0000000068732000 	C:\Program Files\Java\jdk1.8.0_221\jre\bin\msvcr100.dll
0x0000000068740000 - 0x0000000068fe5000 	C:\Program Files\Java\jdk1.8.0_221\jre\bin\server\jvm.dll
0x00007ffff4b00000 - 0x00007ffff4b09000 	C:\Windows\SYSTEM32\WSOCK32.dll
0x00007ffff0ed0000 - 0x00007ffff0eef000 	C:\Windows\SYSTEM32\WINMM.dll
0x00007ffff1e40000 - 0x00007ffff1e4a000 	C:\Windows\SYSTEM32\VERSION.dll
0x00007ffff89b0000 - 0x00007ffff89b7000 	C:\Windows\system32\PSAPI.DLL
0x00007ffff90a0000 - 0x00007ffff90f8000 	C:\Windows\system32\WS2_32.dll
0x00007ffff0ea0000 - 0x00007ffff0eca000 	C:\Windows\SYSTEM32\WINMMBASE.dll
0x00007ffff9430000 - 0x00007ffff9439000 	C:\Windows\system32\NSI.dll
0x00007ffff8390000 - 0x00007ffff83da000 	C:\Windows\SYSTEM32\cfgmgr32.dll
0x00007ffff7150000 - 0x00007ffff7176000 	C:\Windows\SYSTEM32\DEVOBJ.dll
0x00007ffff0fb0000 - 0x00007ffff0fbf000 	C:\Program Files\Java\jdk1.8.0_221\jre\bin\verify.dll
0x00007ffff08c0000 - 0x00007ffff08e9000 	C:\Program Files\Java\jdk1.8.0_221\jre\bin\java.dll
0x00007ffff0f50000 - 0x00007ffff0f66000 	C:\Program Files\Java\jdk1.8.0_221\jre\bin\zip.dll
0x00007fffe4770000 - 0x00007fffe4909000 	C:\Program Files\Java\jdk1.8.0_221\jre\bin\awt.dll
0x00007ffff8e90000 - 0x00007ffff8f47000 	C:\Windows\system32\OLEAUT32.dll
0x00007ffff6fd0000 - 0x00007ffff70f1000 	C:\Windows\system32\uxtheme.dll
0x00007ffff6750000 - 0x00007ffff6770000 	C:\Windows\system32\dwmapi.dll
0x00007ffff6ef0000 - 0x00007ffff6efa000 	C:\Windows\SYSTEM32\kernel.appcore.dll
0x00007ffff8200000 - 0x00007ffff820a000 	C:\Windows\SYSTEM32\CRYPTBASE.dll
0x00007ffff81a0000 - 0x00007ffff8200000 	C:\Windows\SYSTEM32\bcryptPrimitives.dll
0x00007fffeb7b0000 - 0x00007fffeb8d1000 	C:\Windows\system32\opengl32.dll
0x00007ffff1030000 - 0x00007ffff105c000 	C:\Windows\SYSTEM32\GLU32.dll
0x00007fffeb6b0000 - 0x00007fffeb7a4000 	C:\Windows\SYSTEM32\DDRAW.dll
0x00007ffff4c70000 - 0x00007ffff4c79000 	C:\Windows\SYSTEM32\DCIMAN32.dll
0x00007ffff07d0000 - 0x00007ffff0819000 	C:\Program Files\Java\jdk1.8.0_221\jre\bin\fontmanager.dll
0x00007ffff08a0000 - 0x00007ffff08ba000 	C:\Program Files\Java\jdk1.8.0_221\jre\bin\net.dll
0x00007ffff1bd0000 - 0x00007ffff1d30000 	C:\Windows\SYSTEM32\urlmon.dll
0x00007ffff1900000 - 0x00007ffff1ba9000 	C:\Windows\SYSTEM32\iertutil.dll
0x00007ffff16d0000 - 0x00007ffff1900000 	C:\Windows\SYSTEM32\WININET.dll
0x00007ffff7bf0000 - 0x00007ffff7c48000 	C:\Windows\system32\mswsock.dll
0x00007ffff0880000 - 0x00007ffff0892000 	C:\Program Files\Java\jdk1.8.0_221\jre\bin\nio.dll
0x00007ffff0780000 - 0x00007ffff07c2000 	C:\Program Files\Java\jdk1.8.0_221\jre\bin\t2k.dll
0x00007fffe87b0000 - 0x00007fffe87b8000 	C:\Windows\System32\OskSupport.dll
0x00007ffff8ff0000 - 0x00007ffff9094000 	C:\Windows\SYSTEM32\clbcatq.dll
0x00007ffff65b0000 - 0x00007ffff6743000 	C:\Windows\SYSTEM32\WindowsCodecs.dll
0x00007ffff7c50000 - 0x00007ffff7c6e000 	C:\Windows\SYSTEM32\CRYPTSP.dll
0x00007ffff7840000 - 0x00007ffff7875000 	C:\Windows\system32\rsaenh.dll
0x00007ffff7e80000 - 0x00007ffff7ea6000 	C:\Windows\SYSTEM32\bcrypt.dll
0x00007ffff34a0000 - 0x00007ffff34c9000 	C:\Windows\SYSTEM32\IPHLPAPI.DLL
0x00007ffff3470000 - 0x00007ffff347a000 	C:\Windows\SYSTEM32\WINNSI.DLL
0x00007ffff2f70000 - 0x00007ffff2f84000 	C:\Windows\SYSTEM32\dhcpcsvc6.DLL
0x00007ffff3150000 - 0x00007ffff3169000 	C:\Windows\SYSTEM32\dhcpcsvc.DLL
0x000000006d580000 - 0x000000006d63d000 	C:\Users\user\AppData\Local\Temp\sqlite-3.8.11.2-633db4da-92f8-4ba0-8646-fd218a84736c-sqlitejdbc.dll
0x00007fffdd3d0000 - 0x00007fffdd558000 	C:\Windows\SYSTEM32\dbghelp.dll

VM Arguments:
jvm_args: -Dfile.encoding=UTF-8 
java_command: privite.school.school
java_class_path (initial): C:\Users\user\Documents\jcalendar-1.3.2.jar;C:\Users\user\Downloads\sqlite-jdbc-3.8.11.2.jar;C:\Users\user\Downloads\rs2xml.jar;C:\Program Files\NetBeans 8.2\java\modules\ext\AbsoluteLayout.jar;C:\Users\user\Documents\NetBeansProjects\privite school\build\classes
Launcher Type: SUN_STANDARD

Environment Variables:
JAVA_HOME=C:\Program Files\Java\jdk1.8.0_221
PATH=C:\Windows\system32;C:\Windows;C:\Windows\System32\Wbem;C:\Windows\System32\WindowsPowerShell\v1.0;C:\Program Files\Java\jdk1.8.0_221\bin;C:\Program Files\Android\Android Studio\gradle\gradle-5.1.1\bin
USERNAME=user
OS=Windows_NT
PROCESSOR_IDENTIFIER=Intel64 Family 6 Model 69 Stepping 1, GenuineIntel



---------------  S Y S T E M  ---------------

OS: Windows 8.1 , 64 bit Build 9600 (6.3.9600.17031)

CPU:total 4 (initial active 4) (2 cores per cpu, 2 threads per core) family 6 model 69 stepping 1, cmov, cx8, fxsr, mmx, sse, sse2, sse3, ssse3, sse4.1, sse4.2, popcnt, avx, avx2, aes, clmul, erms, lzcnt, ht, tsc, tscinvbit, bmi1, bmi2

Memory: 4k page, physical 4063344k(1543712k free), swap 22495344k(19880132k free)

vm_info: Java HotSpot(TM) 64-Bit Server VM (25.221-b11) for windows-amd64 JRE (1.8.0_221-b11), built on Jul  4 2019 04:39:29 by "java_re" with MS VC++ 10.0 (VS2010)

time: Sun Mar 29 17:46:28 2020
timezone: W. Central Africa Standard Time
elapsed time: 3 seconds (0d 0h 0m 3s)

