#
# A fatal error has been detected by the Java Runtime Environment:
#
#  EXCEPTION_ACCESS_VIOLATION (0xc0000005) at pc=0x000000006d5dd977, pid=3980, tid=0x0000000000000e7c
#
# JRE version: Java(TM) SE Runtime Environment (8.0_221-b11) (build 1.8.0_221-b11)
# Java VM: Java HotSpot(TM) 64-Bit Server VM (25.221-b11 mixed mode windows-amd64 compressed oops)
# Problematic frame:
# C  [sqlite-3.8.11.2-b73dd4df-2d1a-4f65-b0b4-243a168ad212-sqlitejdbc.dll+0x5d977]
#
# Failed to write core dump. Minidumps are not enabled by default on client versions of Windows
#
# If you would like to submit a bug report, please visit:
#   http://bugreport.java.com/bugreport/crash.jsp
# The crash happened outside the Java Virtual Machine in native code.
# See problematic frame for where to report the bug.
#

---------------  T H R E A D  ---------------

Current thread (0x0000000017795000):  JavaThread "Timer-0" [_thread_in_native, id=3708, stack(0x000000001a850000,0x000000001a950000)]

siginfo: ExceptionCode=0xc0000005, reading address 0x0000000000000018

Registers:
RAX=0x0000000000000000, RBX=0x000000001a7621f8, RCX=0x000000001a7621f8, RDX=0x000000001a94eff8
RSP=0x000000001a94eef0, RBP=0x000000001a94efc8, RSI=0x0000000000000000, RDI=0x0000000000000ba3
R8 =0x000000001a7621f8, R9 =0x0000000000000000, R10=0x0000000002a397af, R11=0x000000006896ce30
R12=0x0000000000000000, R13=0x0000000019df6590, R14=0x000000001a94eff8, R15=0x0000000017795000
RIP=0x000000006d5dd977, EFLAGS=0x0000000000010202

Top of Stack: (sp=0x000000001a94eef0)
0x000000001a94eef0:   00000000174361a8 0000000017795000
0x000000001a94ef00:   0000000000000084 00000000000000b6
0x000000001a94ef10:   0000000018e75930 00000000687f7e81
0x000000001a94ef20:   000000001a94f628 0000000019df6590
0x000000001a94ef30:   0000000000000084 0000000002a397db
0x000000001a94ef40:   0000000000000ba3 0000000002a39550
0x000000001a94ef50:   0000000017795000 0000000019df6590
0x000000001a94ef60:   00000000000000b6 0000000017795000
0x000000001a94ef70:   0000000002a3950a 0000000000000003
0x000000001a94ef80:   00000000ec18cf08 000000001a94ef78
0x000000001a94ef90:   0000000019df6590 000000001a94eff8
0x000000001a94efa0:   0000000019e372a0 0000000000000000
0x000000001a94efb0:   0000000019df6590 0000000000000000
0x000000001a94efc0:   000000001a94efe8 000000001a94f040
0x000000001a94efd0:   0000000002a27da0 0000000000000000
0x000000001a94efe0:   0000000002a321d6 000000001a7621f8 

Instructions: (pc=0x000000006d5dd977)
0x000000006d5dd957:   5f c3 0f 1f 80 00 00 00 00 56 53 48 83 ec 38 31
0x000000006d5dd967:   c0 48 85 c9 48 89 cb 0f 84 aa 00 00 00 48 8b 31
0x000000006d5dd977:   48 8b 4e 18 48 85 c9 74 06 ff 15 62 a9 03 00 48
0x000000006d5dd987:   83 bb b8 00 00 00 00 7e 16 48 8d 93 b8 00 00 00 


Register to memory mapping:

RAX=0x0000000000000000 is an unknown value
RBX=0x000000001a7621f8 is an unknown value
RCX=0x000000001a7621f8 is an unknown value
RDX=0x000000001a94eff8 is pointing into the stack for thread: 0x0000000017795000
RSP=0x000000001a94eef0 is pointing into the stack for thread: 0x0000000017795000
RBP=0x000000001a94efc8 is pointing into the stack for thread: 0x0000000017795000
RSI=0x0000000000000000 is an unknown value
RDI=0x0000000000000ba3 is an unknown value
R8 =0x000000001a7621f8 is an unknown value
R9 =0x0000000000000000 is an unknown value
R10=0x0000000002a397af is at code_begin+1295 in an Interpreter codelet
method entry point (kind = native_synchronized)  [0x0000000002a392a0, 0x0000000002a39e00]  2912 bytes
R11=0x000000006896ce30 is an unknown value
R12=0x0000000000000000 is an unknown value
R13={method} {0x0000000019df6598} 'reset' '(J)I' in 'org/sqlite/core/NativeDB'
R14=0x000000001a94eff8 is pointing into the stack for thread: 0x0000000017795000
R15=0x0000000017795000 is a thread


Stack: [0x000000001a850000,0x000000001a950000],  sp=0x000000001a94eef0,  free space=1019k
Native frames: (J=compiled Java code, j=interpreted, Vv=VM code, C=native code)
C  [sqlite-3.8.11.2-b73dd4df-2d1a-4f65-b0b4-243a168ad212-sqlitejdbc.dll+0x5d977]
C  0x0000000002a397db

Java frames: (J=compiled Java code, j=interpreted, Vv=VM code)
j  org.sqlite.core.NativeDB.reset(J)I+0
j  org.sqlite.core.CoreResultSet.close()V+81
j  org.sqlite.core.CoreStatement.internalClose()V+34
j  org.sqlite.jdbc3.JDBC3Statement.close()V+33
j  privite.school.school.count1(Ljava/lang/String;)I+95
j  privite.school.school.count_days(Ljava/lang/String;Ljavax/swing/JTable;)V+32
j  privite.school.school$1.run()V+13
j  java.util.TimerThread.mainLoop()V+221
j  java.util.TimerThread.run()V+1
v  ~StubRoutines::call_stub

---------------  P R O C E S S  ---------------

Java Threads: ( => current thread )
=>0x0000000017795000 JavaThread "Timer-0" [_thread_in_native, id=3708, stack(0x000000001a850000,0x000000001a950000)]
  0x0000000017454800 JavaThread "Image Fetcher 1" daemon [_thread_blocked, id=2528, stack(0x0000000018ba0000,0x0000000018ca0000)]
  0x0000000017418000 JavaThread "Image Fetcher 0" daemon [_thread_blocked, id=1752, stack(0x0000000018aa0000,0x0000000018ba0000)]
  0x00000000173e4800 JavaThread "TimerQueue" daemon [_thread_blocked, id=2432, stack(0x00000000189a0000,0x0000000018aa0000)]
  0x000000000291d800 JavaThread "DestroyJavaVM" [_thread_blocked, id=2692, stack(0x00000000027b0000,0x00000000028b0000)]
  0x0000000017346000 JavaThread "AWT-EventQueue-0" [_thread_blocked, id=3848, stack(0x00000000184a0000,0x00000000185a0000)]
  0x0000000016aae800 JavaThread "AWT-Windows" daemon [_thread_in_native, id=4012, stack(0x0000000017da0000,0x0000000017ea0000)]
  0x0000000016aad800 JavaThread "AWT-Shutdown" [_thread_blocked, id=2328, stack(0x0000000017ca0000,0x0000000017da0000)]
  0x0000000016aad000 JavaThread "Java2D Disposer" daemon [_thread_blocked, id=196, stack(0x0000000017ba0000,0x0000000017ca0000)]
  0x000000001690d000 JavaThread "Service Thread" daemon [_thread_blocked, id=3092, stack(0x0000000016da0000,0x0000000016ea0000)]
  0x0000000015037000 JavaThread "C1 CompilerThread2" daemon [_thread_blocked, id=3336, stack(0x0000000016ca0000,0x0000000016da0000)]
  0x0000000014fee000 JavaThread "C2 CompilerThread1" daemon [_thread_blocked, id=76, stack(0x00000000167a0000,0x00000000168a0000)]
  0x0000000014fe6800 JavaThread "C2 CompilerThread0" daemon [_thread_blocked, id=1940, stack(0x00000000166a0000,0x00000000167a0000)]
  0x0000000015035800 JavaThread "Attach Listener" daemon [_thread_blocked, id=1968, stack(0x00000000165a0000,0x00000000166a0000)]
  0x0000000014fda000 JavaThread "Signal Dispatcher" daemon [_thread_blocked, id=4008, stack(0x00000000164a0000,0x00000000165a0000)]
  0x0000000002a1b800 JavaThread "Finalizer" daemon [_thread_blocked, id=3496, stack(0x0000000016230000,0x0000000016330000)]
  0x0000000014fca000 JavaThread "Reference Handler" daemon [_thread_blocked, id=1996, stack(0x0000000016130000,0x0000000016230000)]

Other Threads:
  0x0000000014fa7800 VMThread [stack: 0x0000000016030000,0x0000000016130000] [id=3412]
  0x000000001694c000 WatcherThread [stack: 0x0000000016ea0000,0x0000000016fa0000] [id=3120]

VM state:not at safepoint (normal execution)

VM Mutex/Monitor currently owned by a thread: None

heap address: 0x00000000c1e00000, size: 994 MB, Compressed Oops mode: 32-bit
Narrow klass base: 0x0000000000000000, Narrow klass shift: 3
Compressed class space size: 1073741824 Address: 0x0000000100000000

Heap:
 PSYoungGen      total 18944K, used 16216K [0x00000000eb500000, 0x00000000eda00000, 0x0000000100000000)
  eden space 16384K, 83% used [0x00000000eb500000,0x00000000ec25a328,0x00000000ec500000)
  from space 2560K, 99% used [0x00000000ec500000,0x00000000ec77c070,0x00000000ec780000)
  to   space 2560K, 0% used [0x00000000ed780000,0x00000000ed780000,0x00000000eda00000)
 ParOldGen       total 44032K, used 2325K [0x00000000c1e00000, 0x00000000c4900000, 0x00000000eb500000)
  object space 44032K, 5% used [0x00000000c1e00000,0x00000000c20454f8,0x00000000c4900000)
 Metaspace       used 17143K, capacity 17411K, committed 17792K, reserved 1064960K
  class space    used 2192K, capacity 2306K, committed 2432K, reserved 1048576K

Card table byte_map: [0x0000000011de0000,0x0000000011fe0000] byte_map_base: 0x00000000117d1000

Marking Bits: (ParMarkBitMap*) 0x0000000068f65ce0
 Begin Bits: [0x0000000012530000, 0x00000000134b8000)
 End Bits:   [0x00000000134b8000, 0x0000000014440000)

Polling page: 0x0000000002750000

CodeCache: size=245760Kb used=6637Kb max_used=6637Kb free=239122Kb
 bounds [0x0000000002a20000, 0x00000000030a0000, 0x0000000011a20000]
 total_blobs=2611 nmethods=2084 adapters=437
 compilation: enabled

Compilation events (10 events):
Event: 5.284 Thread 0x0000000015037000 2072       3       java.util.HashMap::isEmpty (13 bytes)
Event: 5.284 Thread 0x0000000015037000 nmethod 2072 0x000000000309db50 code [0x000000000309dca0, 0x000000000309de50]
Event: 5.285 Thread 0x0000000015037000 2081       3       javax.swing.table.DefaultTableCellRenderer::firePropertyChange (1 bytes)
Event: 5.285 Thread 0x0000000015037000 nmethod 2081 0x000000000309ded0 code [0x000000000309e020, 0x000000000309e170]
Event: 5.285 Thread 0x0000000015037000 2082       3       sun.swing.DefaultLookup::getBorder (8 bytes)
Event: 5.285 Thread 0x0000000015037000 nmethod 2082 0x000000000309e210 code [0x000000000309e3a0, 0x000000000309e808]
Event: 5.285 Thread 0x0000000015037000 2084       3       javax.swing.UIDefaults::put (38 bytes)
Event: 5.286 Thread 0x0000000015037000 nmethod 2084 0x000000000309e910 code [0x000000000309eac0, 0x000000000309f108]
Event: 5.286 Thread 0x0000000015037000 2083       3       sun.swing.DefaultLookup::getBorder (29 bytes)
Event: 5.286 Thread 0x0000000015037000 nmethod 2083 0x000000000309f290 code [0x000000000309f400, 0x000000000309f808]

GC Heap History (2 events):
Event: 1.095 GC heap before
{Heap before GC invocations=1 (full 0):
 PSYoungGen      total 18944K, used 16384K [0x00000000eb500000, 0x00000000eca00000, 0x0000000100000000)
  eden space 16384K, 100% used [0x00000000eb500000,0x00000000ec500000,0x00000000ec500000)
  from space 2560K, 0% used [0x00000000ec780000,0x00000000ec780000,0x00000000eca00000)
  to   space 2560K, 0% used [0x00000000ec500000,0x00000000ec500000,0x00000000ec780000)
 ParOldGen       total 44032K, used 0K [0x00000000c1e00000, 0x00000000c4900000, 0x00000000eb500000)
  object space 44032K, 0% used [0x00000000c1e00000,0x00000000c1e00000,0x00000000c4900000)
 Metaspace       used 13478K, capacity 13751K, committed 13824K, reserved 1060864K
  class space    used 1713K, capacity 1792K, committed 1792K, reserved 1048576K
Event: 1.108 GC heap after
Heap after GC invocations=1 (full 0):
 PSYoungGen      total 18944K, used 2544K [0x00000000eb500000, 0x00000000eda00000, 0x0000000100000000)
  eden space 16384K, 0% used [0x00000000eb500000,0x00000000eb500000,0x00000000ec500000)
  from space 2560K, 99% used [0x00000000ec500000,0x00000000ec77c070,0x00000000ec780000)
  to   space 2560K, 0% used [0x00000000ed780000,0x00000000ed780000,0x00000000eda00000)
 ParOldGen       total 44032K, used 2325K [0x00000000c1e00000, 0x00000000c4900000, 0x00000000eb500000)
  object space 44032K, 5% used [0x00000000c1e00000,0x00000000c20454f8,0x00000000c4900000)
 Metaspace       used 13478K, capacity 13751K, committed 13824K, reserved 1060864K
  class space    used 1713K, capacity 1792K, committed 1792K, reserved 1048576K
}

Deoptimization events (10 events):
Event: 3.023 Thread 0x0000000017346000 Uncommon trap: reason=unstable_if action=reinterpret pc=0x0000000002e791cc method=java.util.ArrayList.indexOf(Ljava/lang/Object;)I @ 41
Event: 3.070 Thread 0x0000000017346000 Uncommon trap: reason=unstable_if action=reinterpret pc=0x0000000002dd51fc method=java.lang.String.indexOf([CII[CIII)I @ 3
Event: 3.072 Thread 0x0000000017346000 Uncommon trap: reason=bimorphic action=maybe_recompile pc=0x0000000002c2e42c method=java.util.HashMap.getNode(ILjava/lang/Object;)Ljava/util/HashMap$Node; @ 126
Event: 3.072 Thread 0x0000000017346000 Uncommon trap: reason=bimorphic action=maybe_recompile pc=0x0000000002c2e42c method=java.util.HashMap.getNode(ILjava/lang/Object;)Ljava/util/HashMap$Node; @ 126
Event: 3.073 Thread 0x0000000017346000 Uncommon trap: reason=bimorphic action=maybe_recompile pc=0x0000000002c2e42c method=java.util.HashMap.getNode(ILjava/lang/Object;)Ljava/util/HashMap$Node; @ 126
Event: 3.073 Thread 0x0000000017346000 Uncommon trap: reason=bimorphic action=maybe_recompile pc=0x0000000002c2e42c method=java.util.HashMap.getNode(ILjava/lang/Object;)Ljava/util/HashMap$Node; @ 126
Event: 3.074 Thread 0x0000000017346000 Uncommon trap: reason=class_check action=maybe_recompile pc=0x0000000002dd0098 method=java.util.HashMap.putVal(ILjava/lang/Object;Ljava/lang/Object;ZZ)Ljava/lang/Object; @ 253
Event: 3.074 Thread 0x0000000017346000 Uncommon trap: reason=class_check action=maybe_recompile pc=0x0000000002dd0098 method=java.util.HashMap.putVal(ILjava/lang/Object;Ljava/lang/Object;ZZ)Ljava/lang/Object; @ 253
Event: 3.074 Thread 0x0000000017346000 Uncommon trap: reason=class_check action=maybe_recompile pc=0x0000000002dc2798 method=java.util.HashMap.putVal(ILjava/lang/Object;Ljava/lang/Object;ZZ)Ljava/lang/Object; @ 253
Event: 5.223 Thread 0x0000000017346000 Uncommon trap: reason=unstable_if action=reinterpret pc=0x0000000003093a04 method=org.sqlite.SQLiteJDBCLoader.contentsEquals(Ljava/io/InputStream;Ljava/io/InputStream;)Z @ 39

Classes redefined (0 events):
No events

Internal exceptions (10 events):
Event: 0.050 Thread 0x000000000291d800 Exception <a 'java/lang/NoSuchMethodError': Method sun.misc.Unsafe.defineClass(Ljava/lang/String;[BII)Ljava/lang/Class; name or signature does not match> (0x00000000eb507cb8) thrown at [C:\re\workspace\8-2-build-windows-amd64-cygwin\jdk8u221\13320\hotspot
Event: 0.050 Thread 0x000000000291d800 Exception <a 'java/lang/NoSuchMethodError': Method sun.misc.Unsafe.prefetchRead(Ljava/lang/Object;J)V name or signature does not match> (0x00000000eb507fa0) thrown at [C:\re\workspace\8-2-build-windows-amd64-cygwin\jdk8u221\13320\hotspot\src\share\vm\prim
Event: 0.233 Thread 0x000000000291d800 Exception <a 'java/security/PrivilegedActionException'> (0x00000000eb6ea350) thrown at [C:\re\workspace\8-2-build-windows-amd64-cygwin\jdk8u221\13320\hotspot\src\share\vm\prims\jvm.cpp, line 1502]
Event: 0.233 Thread 0x000000000291d800 Exception <a 'java/security/PrivilegedActionException'> (0x00000000eb6ea560) thrown at [C:\re\workspace\8-2-build-windows-amd64-cygwin\jdk8u221\13320\hotspot\src\share\vm\prims\jvm.cpp, line 1502]
Event: 0.234 Thread 0x000000000291d800 Exception <a 'java/security/PrivilegedActionException'> (0x00000000eb6ee470) thrown at [C:\re\workspace\8-2-build-windows-amd64-cygwin\jdk8u221\13320\hotspot\src\share\vm\prims\jvm.cpp, line 1502]
Event: 0.234 Thread 0x000000000291d800 Exception <a 'java/security/PrivilegedActionException'> (0x00000000eb6ee680) thrown at [C:\re\workspace\8-2-build-windows-amd64-cygwin\jdk8u221\13320\hotspot\src\share\vm\prims\jvm.cpp, line 1502]
Event: 0.237 Thread 0x000000000291d800 Exception <a 'java/io/FileNotFoundException'> (0x00000000eb6f07b0) thrown at [C:\re\workspace\8-2-build-windows-amd64-cygwin\jdk8u221\13320\hotspot\src\share\vm\prims\jni.cpp, line 710]
Event: 0.288 Thread 0x000000000291d800 Exception <a 'java/lang/NoSuchFieldError': method resolution failed> (0x00000000eb7c1050) thrown at [C:\re\workspace\8-2-build-windows-amd64-cygwin\jdk8u221\13320\hotspot\src\share\vm\prims\methodHandles.cpp, line 1167]
Event: 0.290 Thread 0x000000000291d800 Exception <a 'java/lang/NoSuchFieldError': method resolution failed> (0x00000000eb7ce3c0) thrown at [C:\re\workspace\8-2-build-windows-amd64-cygwin\jdk8u221\13320\hotspot\src\share\vm\prims\methodHandles.cpp, line 1167]
Event: 0.399 Thread 0x000000000291d800 Exception <a 'java/io/FileNotFoundException'> (0x00000000eb9056e8) thrown at [C:\re\workspace\8-2-build-windows-amd64-cygwin\jdk8u221\13320\hotspot\src\share\vm\prims\jni.cpp, line 710]

Events (10 events):
Event: 5.286 loading class java/util/TaskQueue done
Event: 5.286 loading class java/util/TimerThread
Event: 5.286 loading class java/util/TimerThread done
Event: 5.286 loading class java/util/Timer$1
Event: 5.286 loading class java/util/Timer$1 done
Event: 5.286 Thread 0x0000000017795000 Thread added: 0x0000000017795000
Event: 5.286 Executing VM operation: RevokeBias
Event: 5.287 Executing VM operation: RevokeBias done
Event: 5.287 Executing VM operation: RevokeBias
Event: 5.287 Executing VM operation: RevokeBias done


Dynamic libraries:
0x00007ff644070000 - 0x00007ff6440a7000 	C:\Program Files\Java\jdk1.8.0_221\bin\java.exe
0x00007ffffaf50000 - 0x00007ffffb0fa000 	C:\Windows\SYSTEM32\ntdll.dll
0x00007ffff89c0000 - 0x00007ffff8afa000 	C:\Windows\system32\KERNEL32.DLL
0x00007ffff84e0000 - 0x00007ffff85f0000 	C:\Windows\system32\KERNELBASE.dll
0x00007ffff6f00000 - 0x00007ffff6f88000 	C:\Windows\system32\apphelp.dll
0x00007fffeb9a0000 - 0x00007fffeb9ef000 	C:\Windows\AppPatch\AppPatch64\AcGenral.DLL
0x00007ffff94e0000 - 0x00007ffff9587000 	C:\Windows\system32\msvcrt.dll
0x00007ffff8160000 - 0x00007ffff818b000 	C:\Windows\SYSTEM32\SspiCli.dll
0x00007ffffad90000 - 0x00007ffffade1000 	C:\Windows\system32\SHLWAPI.dll
0x00007ffff95f0000 - 0x00007ffff9761000 	C:\Windows\system32\USER32.dll
0x00007ffff9770000 - 0x00007ffff98e8000 	C:\Windows\system32\ole32.dll
0x00007ffff98f0000 - 0x00007ffffad07000 	C:\Windows\system32\SHELL32.dll
0x00007ffff7950000 - 0x00007ffff796f000 	C:\Windows\SYSTEM32\USERENV.dll
0x00007ffff8de0000 - 0x00007ffff8e85000 	C:\Windows\system32\ADVAPI32.dll
0x00007ffff0f10000 - 0x00007ffff0f2b000 	C:\Windows\SYSTEM32\MPR.dll
0x00007ffff9110000 - 0x00007ffff9246000 	C:\Windows\system32\RPCRT4.dll
0x00007ffff8f90000 - 0x00007ffff8fe7000 	C:\Windows\SYSTEM32\sechost.dll
0x00007ffff9250000 - 0x00007ffff9426000 	C:\Windows\SYSTEM32\combase.dll
0x00007ffffae00000 - 0x00007ffffaf45000 	C:\Windows\system32\GDI32.dll
0x00007ffff82c0000 - 0x00007ffff82d4000 	C:\Windows\SYSTEM32\profapi.dll
0x00007ffff6920000 - 0x00007ffff69bf000 	C:\Windows\SYSTEM32\SHCORE.dll
0x00007ffff8f50000 - 0x00007ffff8f84000 	C:\Windows\system32\IMM32.DLL
0x00007ffff8ca0000 - 0x00007ffff8dd9000 	C:\Windows\system32\MSCTF.dll
0x00007ffff54f0000 - 0x00007ffff574a000 	C:\Windows\WinSxS\amd64_microsoft.windows.common-controls_6595b64144ccf1df_6.0.9600.17031_none_6242a4b3ecbb55a1\COMCTL32.dll
0x0000000068660000 - 0x0000000068732000 	C:\Program Files\Java\jdk1.8.0_221\jre\bin\msvcr100.dll
0x0000000068740000 - 0x0000000068fe5000 	C:\Program Files\Java\jdk1.8.0_221\jre\bin\server\jvm.dll
0x00007ffff4b00000 - 0x00007ffff4b09000 	C:\Windows\SYSTEM32\WSOCK32.dll
0x00007ffff0ed0000 - 0x00007ffff0eef000 	C:\Windows\SYSTEM32\WINMM.dll
0x00007ffff1e40000 - 0x00007ffff1e4a000 	C:\Windows\SYSTEM32\VERSION.dll
0x00007ffff89b0000 - 0x00007ffff89b7000 	C:\Windows\system32\PSAPI.DLL
0x00007ffff90a0000 - 0x00007ffff90f8000 	C:\Windows\system32\WS2_32.dll
0x00007ffff0ea0000 - 0x00007ffff0eca000 	C:\Windows\SYSTEM32\WINMMBASE.dll
0x00007ffff9430000 - 0x00007ffff9439000 	C:\Windows\system32\NSI.dll
0x00007ffff8390000 - 0x00007ffff83da000 	C:\Windows\SYSTEM32\cfgmgr32.dll
0x00007ffff7150000 - 0x00007ffff7176000 	C:\Windows\SYSTEM32\DEVOBJ.dll
0x00007ffff0fb0000 - 0x00007ffff0fbf000 	C:\Program Files\Java\jdk1.8.0_221\jre\bin\verify.dll
0x00007ffff08c0000 - 0x00007ffff08e9000 	C:\Program Files\Java\jdk1.8.0_221\jre\bin\java.dll
0x00007ffff0f50000 - 0x00007ffff0f66000 	C:\Program Files\Java\jdk1.8.0_221\jre\bin\zip.dll
0x00007fffe4770000 - 0x00007fffe4909000 	C:\Program Files\Java\jdk1.8.0_221\jre\bin\awt.dll
0x00007ffff8e90000 - 0x00007ffff8f47000 	C:\Windows\system32\OLEAUT32.dll
0x00007ffff6fd0000 - 0x00007ffff70f1000 	C:\Windows\system32\uxtheme.dll
0x00007ffff6750000 - 0x00007ffff6770000 	C:\Windows\system32\dwmapi.dll
0x00007ffff6ef0000 - 0x00007ffff6efa000 	C:\Windows\SYSTEM32\kernel.appcore.dll
0x00007ffff8200000 - 0x00007ffff820a000 	C:\Windows\SYSTEM32\CRYPTBASE.dll
0x00007ffff81a0000 - 0x00007ffff8200000 	C:\Windows\SYSTEM32\bcryptPrimitives.dll
0x00007fffeb7b0000 - 0x00007fffeb8d1000 	C:\Windows\system32\opengl32.dll
0x00007ffff1030000 - 0x00007ffff105c000 	C:\Windows\SYSTEM32\GLU32.dll
0x00007fffeb6b0000 - 0x00007fffeb7a4000 	C:\Windows\SYSTEM32\DDRAW.dll
0x00007ffff4c70000 - 0x00007ffff4c79000 	C:\Windows\SYSTEM32\DCIMAN32.dll
0x00007ffff07d0000 - 0x00007ffff0819000 	C:\Program Files\Java\jdk1.8.0_221\jre\bin\fontmanager.dll
0x00007ffff08a0000 - 0x00007ffff08ba000 	C:\Program Files\Java\jdk1.8.0_221\jre\bin\net.dll
0x00007ffff1bd0000 - 0x00007ffff1d30000 	C:\Windows\SYSTEM32\urlmon.dll
0x00007ffff1900000 - 0x00007ffff1ba9000 	C:\Windows\SYSTEM32\iertutil.dll
0x00007ffff16d0000 - 0x00007ffff1900000 	C:\Windows\SYSTEM32\WININET.dll
0x00007ffff7bf0000 - 0x00007ffff7c48000 	C:\Windows\system32\mswsock.dll
0x00007ffff0880000 - 0x00007ffff0892000 	C:\Program Files\Java\jdk1.8.0_221\jre\bin\nio.dll
0x00007ffff0780000 - 0x00007ffff07c2000 	C:\Program Files\Java\jdk1.8.0_221\jre\bin\t2k.dll
0x00007fffe87b0000 - 0x00007fffe87b8000 	C:\Windows\System32\OskSupport.dll
0x00007ffff8ff0000 - 0x00007ffff9094000 	C:\Windows\SYSTEM32\clbcatq.dll
0x00007ffff65b0000 - 0x00007ffff6743000 	C:\Windows\SYSTEM32\WindowsCodecs.dll
0x00007ffff7c50000 - 0x00007ffff7c6e000 	C:\Windows\SYSTEM32\CRYPTSP.dll
0x00007ffff7840000 - 0x00007ffff7875000 	C:\Windows\system32\rsaenh.dll
0x00007ffff7e80000 - 0x00007ffff7ea6000 	C:\Windows\SYSTEM32\bcrypt.dll
0x00007ffff34a0000 - 0x00007ffff34c9000 	C:\Windows\SYSTEM32\IPHLPAPI.DLL
0x00007ffff3470000 - 0x00007ffff347a000 	C:\Windows\SYSTEM32\WINNSI.DLL
0x00007ffff2f70000 - 0x00007ffff2f84000 	C:\Windows\SYSTEM32\dhcpcsvc6.DLL
0x00007ffff3150000 - 0x00007ffff3169000 	C:\Windows\SYSTEM32\dhcpcsvc.DLL
0x000000006d580000 - 0x000000006d63d000 	C:\Users\user\AppData\Local\Temp\sqlite-3.8.11.2-b73dd4df-2d1a-4f65-b0b4-243a168ad212-sqlitejdbc.dll
0x00007fffdd3d0000 - 0x00007fffdd558000 	C:\Windows\SYSTEM32\dbghelp.dll

VM Arguments:
jvm_args: -Dfile.encoding=UTF-8 
java_command: privite.school.school
java_class_path (initial): C:\Users\user\Documents\jcalendar-1.3.2.jar;C:\Users\user\Downloads\sqlite-jdbc-3.8.11.2.jar;C:\Users\user\Downloads\rs2xml.jar;C:\Program Files\NetBeans 8.2\java\modules\ext\AbsoluteLayout.jar;C:\Users\user\Documents\NetBeansProjects\privite school\build\classes
Launcher Type: SUN_STANDARD

Environment Variables:
JAVA_HOME=C:\Program Files\Java\jdk1.8.0_221
PATH=C:\Windows\system32;C:\Windows;C:\Windows\System32\Wbem;C:\Windows\System32\WindowsPowerShell\v1.0;C:\Program Files\Java\jdk1.8.0_221\bin;C:\Program Files\Android\Android Studio\gradle\gradle-5.1.1\bin
USERNAME=user
OS=Windows_NT
PROCESSOR_IDENTIFIER=Intel64 Family 6 Model 69 Stepping 1, GenuineIntel



---------------  S Y S T E M  ---------------

OS: Windows 8.1 , 64 bit Build 9600 (6.3.9600.17031)

CPU:total 4 (initial active 4) (2 cores per cpu, 2 threads per core) family 6 model 69 stepping 1, cmov, cx8, fxsr, mmx, sse, sse2, sse3, ssse3, sse4.1, sse4.2, popcnt, avx, avx2, aes, clmul, erms, lzcnt, ht, tsc, tscinvbit, bmi1, bmi2

Memory: 4k page, physical 4063344k(1618812k free), swap 22495344k(19894272k free)

vm_info: Java HotSpot(TM) 64-Bit Server VM (25.221-b11) for windows-amd64 JRE (1.8.0_221-b11), built on Jul  4 2019 04:39:29 by "java_re" with MS VC++ 10.0 (VS2010)

time: Sun Mar 29 17:35:17 2020
timezone: W. Central Africa Standard Time
elapsed time: 5 seconds (0d 0h 0m 5s)

